[1594630168.988][INFO]: Starting ChromeDriver 78.0.3904.105 (60e2d8774a8151efa6a00b1f358371b1e0e07ee2-refs/branch-heads/3904@{#877})
[1594630168.988][INFO]: Please protect ports used by ChromeDriver and related test frameworks to prevent access by malicious code.
[1594630169.322][INFO]: [1bcdbd85673e553e0104412ca1082dd1] COMMAND InitSession {
   "capabilities": {
      "alwaysMatch": {
         "goog:chromeOptions": {
            "args": [ "start-maximized", "disable-infobars", "--disable-extensions", "--disable-gpu", "--no-sandbox", "--disable-dev-shm-usage", "--ignore-certificate-errors" ],
            "extensions": [  ],
            "prefs": {
               "download.default_directory": "/home/dell/shivaNewWorkspace/developmentDemo3/downloadFiless",
               "download.extensions_to_open": "text/csv/image/pdf",
               "download.prompt_for_download": "false",
               "profile.default_content_settings.popups": 0,
               "safebrowsing.enabled": "false"
            }
         }
      },
      "desiredCapabilities": {
         "acceptSslCerts": true,
         "browserName": "chrome",
         "disable-popup-blocking": false,
         "goog:chromeOptions": {
            "args": [ "start-maximized", "disable-infobars", "--disable-extensions", "--disable-gpu", "--no-sandbox", "--disable-dev-shm-usage", "--ignore-certificate-errors" ],
            "extensions": [  ],
            "prefs": {
               "download.default_directory": "/home/dell/shivaNewWorkspace/developmentDemo3/downloadFiless",
               "download.extensions_to_open": "text/csv/image/pdf",
               "download.prompt_for_download": "false",
               "profile.default_content_settings.popups": 0,
               "safebrowsing.enabled": "false"
            }
         },
         "platform": "ANY",
         "version": ""
      },
      "firstMatch": [ {
         "browserName": "chrome"
      } ],
      "requiredCapabilities": {

      }
   },
   "desiredCapabilities": {
      "acceptSslCerts": true,
      "browserName": "chrome",
      "disable-popup-blocking": false,
      "goog:chromeOptions": {
         "args": [ "start-maximized", "disable-infobars", "--disable-extensions", "--disable-gpu", "--no-sandbox", "--disable-dev-shm-usage", "--ignore-certificate-errors" ],
         "extensions": [  ],
         "prefs": {
            "download.default_directory": "/home/dell/shivaNewWorkspace/developmentDemo3/downloadFiless",
            "download.extensions_to_open": "text/csv/image/pdf",
            "download.prompt_for_download": "false",
            "profile.default_content_settings.popups": 0,
            "safebrowsing.enabled": "false"
         }
      },
      "platform": "ANY",
      "version": ""
   },
   "requiredCapabilities": {

   }
}
[1594630169.323][INFO]: Populating Preferences file: {
   "alternate_error_pages": {
      "enabled": false
   },
   "autofill": {
      "enabled": false
   },
   "browser": {
      "check_default_browser": false
   },
   "distribution": {
      "import_bookmarks": false,
      "import_history": false,
      "import_search_engine": false,
      "make_chrome_default_for_user": false,
      "skip_first_run_ui": true
   },
   "dns_prefetching": {
      "enabled": false
   },
   "download": {
      "default_directory": "/home/dell/shivaNewWorkspace/developmentDemo3/downloadFiless",
      "extensions_to_open": "text/csv/image/pdf",
      "prompt_for_download": "false"
   },
   "profile": {
      "content_settings": {
         "pattern_pairs": {
            "https://*,*": {
               "media-stream": {
                  "audio": "Default",
                  "video": "Default"
               }
            }
         }
      },
      "default_content_setting_values": {
         "geolocation": 1
      },
      "default_content_settings": {
         "geolocation": 1,
         "mouselock": 1,
         "notifications": 1,
         "popups": 0,
         "ppapi-broker": 1
      },
      "password_manager_enabled": false
   },
   "safebrowsing": {
      "enabled": "false"
   },
   "search": {
      "suggest_enabled": false
   },
   "translate": {
      "enabled": false
   }
}
[1594630169.323][INFO]: Populating Local State file: {
   "background_mode": {
      "enabled": false
   },
   "ssl": {
      "rev_checking": {
         "enabled": false
      }
   }
}
[1594630169.324][INFO]: Launching chrome: /usr/bin/google-chrome --disable-background-networking --disable-client-side-phishing-detection --disable-default-apps --disable-dev-shm-usage --disable-extensions --disable-extensions-except=/tmp/.com.google.Chrome.OljwXD/internal --disable-gpu --disable-hang-monitor --disable-infobars --disable-popup-blocking --disable-prompt-on-repost --disable-sync --enable-automation --enable-blink-features=ShadowDOMV0 --enable-logging --force-fieldtrials --ignore-certificate-errors --log-level=0 --no-first-run --no-sandbox --password-store=basic --remote-debugging-port=0 --start-maximized --test-type=webdriver --use-mock-keychain --user-data-dir=/tmp/.com.google.Chrome.Qr9b64 data:,
[1594630169.990][INFO]: resolved localhost to ["127.0.0.1"]
[1594630170.086][INFO]: [1bcdbd85673e553e0104412ca1082dd1] RESPONSE InitSession {
   "capabilities": {
      "acceptInsecureCerts": false,
      "browserName": "chrome",
      "browserVersion": "78.0.3904.108",
      "chrome": {
         "chromedriverVersion": "78.0.3904.105 (60e2d8774a8151efa6a00b1f358371b1e0e07ee2-refs/branch-heads/3904@{#877})",
         "userDataDir": "/tmp/.com.google.Chrome.Qr9b64"
      },
      "goog:chromeOptions": {
         "debuggerAddress": "localhost:33241"
      },
      "networkConnectionEnabled": false,
      "pageLoadStrategy": "normal",
      "platformName": "linux",
      "proxy": {

      },
      "setWindowRect": true,
      "strictFileInteractability": false,
      "timeouts": {
         "implicit": 0,
         "pageLoad": 300000,
         "script": 30000
      },
      "unhandledPromptBehavior": "dismiss and notify"
   },
   "sessionId": "1bcdbd85673e553e0104412ca1082dd1"
}
[1594630170.266][INFO]: [1bcdbd85673e553e0104412ca1082dd1] COMMAND MaximizeWindow {

}
[1594630170.266][INFO]: Waiting for pending navigations...
[1594630170.267][INFO]: Done waiting for pending navigations. Status: ok
[1594630170.267][INFO]: resolved localhost to ["127.0.0.1"]
[1594630170.269][INFO]: Waiting for pending navigations...
[1594630170.270][INFO]: Done waiting for pending navigations. Status: ok
[1594630170.270][INFO]: [1bcdbd85673e553e0104412ca1082dd1] RESPONSE MaximizeWindow {
   "height": 741,
   "width": 1299,
   "x": 67,
   "y": 27
}
[1594630170.279][INFO]: [1bcdbd85673e553e0104412ca1082dd1] COMMAND SetTimeouts {
   "implicit": 30000
}
[1594630170.279][INFO]: [1bcdbd85673e553e0104412ca1082dd1] RESPONSE SetTimeouts
[1594630170.297][INFO]: [1bcdbd85673e553e0104412ca1082dd1] COMMAND Navigate {
   "url": "http://newtours.demoaut.com/"
}
[1594630170.297][INFO]: Waiting for pending navigations...
[1594630170.298][INFO]: Done waiting for pending navigations. Status: ok
[1594630171.110][INFO]: Waiting for pending navigations...
[1594630172.893][INFO]: Done waiting for pending navigations. Status: ok
[1594630172.893][INFO]: [1bcdbd85673e553e0104412ca1082dd1] RESPONSE Navigate
[1594630172.904][INFO]: [1bcdbd85673e553e0104412ca1082dd1] COMMAND FindElement {
   "using": "xpath",
   "value": "//*[text()='Home']"
}
[1594630172.904][INFO]: Waiting for pending navigations...
[1594630172.906][INFO]: Done waiting for pending navigations. Status: ok
[1594630172.929][INFO]: Waiting for pending navigations...
[1594630172.931][INFO]: Done waiting for pending navigations. Status: ok
[1594630172.931][INFO]: [1bcdbd85673e553e0104412ca1082dd1] RESPONSE FindElement {
   "element-6066-11e4-a52e-4f735466cecf": "c13453a0-0b97-4b47-bfe2-11e1c3797104"
}
[1594630172.943][INFO]: [1bcdbd85673e553e0104412ca1082dd1] COMMAND ClickElement {
   "id": "c13453a0-0b97-4b47-bfe2-11e1c3797104"
}
[1594630172.943][INFO]: Waiting for pending navigations...
[1594630172.944][INFO]: Done waiting for pending navigations. Status: ok
[1594630173.044][INFO]: Waiting for pending navigations...
[1594630174.240][INFO]: Done waiting for pending navigations. Status: ok
[1594630174.240][INFO]: [1bcdbd85673e553e0104412ca1082dd1] RESPONSE ClickElement
[1594630174.248][INFO]: [1bcdbd85673e553e0104412ca1082dd1] COMMAND FindElement {
   "using": "xpath",
   "value": "//*[text()='REGISTER']"
}
[1594630174.248][INFO]: Waiting for pending navigations...
[1594630174.249][INFO]: Done waiting for pending navigations. Status: ok
[1594630174.271][INFO]: Waiting for pending navigations...
[1594630174.274][INFO]: Done waiting for pending navigations. Status: ok
[1594630174.274][INFO]: [1bcdbd85673e553e0104412ca1082dd1] RESPONSE FindElement {
   "element-6066-11e4-a52e-4f735466cecf": "b54af170-8173-4d70-adf8-78f7688ef37e"
}
[1594630174.280][INFO]: [1bcdbd85673e553e0104412ca1082dd1] COMMAND ClickElement {
   "id": "b54af170-8173-4d70-adf8-78f7688ef37e"
}
[1594630174.280][INFO]: Waiting for pending navigations...
[1594630174.281][INFO]: Done waiting for pending navigations. Status: ok
[1594630174.367][INFO]: Waiting for pending navigations...
[1594630175.551][INFO]: Done waiting for pending navigations. Status: ok
[1594630175.551][INFO]: [1bcdbd85673e553e0104412ca1082dd1] RESPONSE ClickElement
[1594630175.559][INFO]: [1bcdbd85673e553e0104412ca1082dd1] COMMAND FindElement {
   "using": "xpath",
   "value": "//*[contains(text(),'First')]/parent::*/parent::*/following-sibling::*/child::*"
}
[1594630175.559][INFO]: Waiting for pending navigations...
[1594630175.560][INFO]: Done waiting for pending navigations. Status: ok
[1594630175.583][INFO]: Waiting for pending navigations...
[1594630175.584][INFO]: Done waiting for pending navigations. Status: ok
[1594630175.584][INFO]: [1bcdbd85673e553e0104412ca1082dd1] RESPONSE FindElement {
   "element-6066-11e4-a52e-4f735466cecf": "5a50af2b-224d-43ea-b12e-e8d8ef60095f"
}
[1594630175.599][INFO]: [1bcdbd85673e553e0104412ca1082dd1] COMMAND TypeElement {
   "id": "5a50af2b-224d-43ea-b12e-e8d8ef60095f",
   "text": "shivam",
   "value": [ "s", "h", "i", "v", "a", "m" ]
}
[1594630175.599][INFO]: Waiting for pending navigations...
[1594630175.600][INFO]: Done waiting for pending navigations. Status: ok
[1594630175.753][INFO]: Waiting for pending navigations...
[1594630175.754][INFO]: Done waiting for pending navigations. Status: ok
[1594630175.754][INFO]: [1bcdbd85673e553e0104412ca1082dd1] RESPONSE TypeElement
[1594630175.762][INFO]: [1bcdbd85673e553e0104412ca1082dd1] COMMAND FindElement {
   "using": "xpath",
   "value": "//*[contains(text(),'Last')]/parent::*/parent::*/following-sibling::*/child::*"
}
[1594630175.762][INFO]: Waiting for pending navigations...
[1594630175.765][INFO]: Done waiting for pending navigations. Status: ok
[1594630175.789][INFO]: Waiting for pending navigations...
[1594630175.791][INFO]: Done waiting for pending navigations. Status: ok
[1594630175.791][INFO]: [1bcdbd85673e553e0104412ca1082dd1] RESPONSE FindElement {
   "element-6066-11e4-a52e-4f735466cecf": "82a0db24-2657-4f0f-940c-6d75945da8fd"
}
[1594630175.800][INFO]: [1bcdbd85673e553e0104412ca1082dd1] COMMAND TypeElement {
   "id": "82a0db24-2657-4f0f-940c-6d75945da8fd",
   "text": "gite",
   "value": [ "g", "i", "t", "e" ]
}
[1594630175.800][INFO]: Waiting for pending navigations...
[1594630175.802][INFO]: Done waiting for pending navigations. Status: ok
[1594630175.920][INFO]: Waiting for pending navigations...
[1594630175.922][INFO]: Done waiting for pending navigations. Status: ok
[1594630175.922][INFO]: [1bcdbd85673e553e0104412ca1082dd1] RESPONSE TypeElement
[1594630175.929][INFO]: [1bcdbd85673e553e0104412ca1082dd1] COMMAND FindElement {
   "using": "xpath",
   "value": "//*[contains(text(),'Phone')]/parent::*/parent::*/following-sibling::*/child::*"
}
[1594630175.929][INFO]: Waiting for pending navigations...
[1594630175.930][INFO]: Done waiting for pending navigations. Status: ok
[1594630175.954][INFO]: Waiting for pending navigations...
[1594630175.956][INFO]: Done waiting for pending navigations. Status: ok
[1594630175.956][INFO]: [1bcdbd85673e553e0104412ca1082dd1] RESPONSE FindElement {
   "element-6066-11e4-a52e-4f735466cecf": "7929d80e-3976-49ea-9c3e-cc0cd6bec222"
}
[1594630175.964][INFO]: [1bcdbd85673e553e0104412ca1082dd1] COMMAND TypeElement {
   "id": "7929d80e-3976-49ea-9c3e-cc0cd6bec222",
   "text": "7974862384",
   "value": [ "7", "9", "7", "4", "8", "6", "2", "3", "8", "4" ]
}
[1594630175.964][INFO]: Waiting for pending navigations...
[1594630175.965][INFO]: Done waiting for pending navigations. Status: ok
[1594630176.129][INFO]: Waiting for pending navigations...
[1594630176.131][INFO]: Done waiting for pending navigations. Status: ok
[1594630176.131][INFO]: [1bcdbd85673e553e0104412ca1082dd1] RESPONSE TypeElement
[1594630176.137][INFO]: [1bcdbd85673e553e0104412ca1082dd1] COMMAND FindElement {
   "using": "xpath",
   "value": "//*[contains(text(),'Email')]/parent::*/parent::*/following-sibling::*/child::*"
}
[1594630176.137][INFO]: Waiting for pending navigations...
[1594630176.139][INFO]: Done waiting for pending navigations. Status: ok
[1594630176.165][INFO]: Waiting for pending navigations...
[1594630176.167][INFO]: Done waiting for pending navigations. Status: ok
[1594630176.167][INFO]: [1bcdbd85673e553e0104412ca1082dd1] RESPONSE FindElement {
   "element-6066-11e4-a52e-4f735466cecf": "c65b86c1-37cc-4027-8b88-b43fd9d13f6e"
}
[1594630176.175][INFO]: [1bcdbd85673e553e0104412ca1082dd1] COMMAND TypeElement {
   "id": "c65b86c1-37cc-4027-8b88-b43fd9d13f6e",
   "text": "xyz@gmail.com",
   "value": [ "x", "y", "z", "@", "g", "m", "a", "i", "l", ".", "c", "o", "m" ]
}
[1594630176.175][INFO]: Waiting for pending navigations...
[1594630176.177][INFO]: Done waiting for pending navigations. Status: ok
[1594630176.356][INFO]: Waiting for pending navigations...
[1594630176.357][INFO]: Done waiting for pending navigations. Status: ok
[1594630176.357][INFO]: [1bcdbd85673e553e0104412ca1082dd1] RESPONSE TypeElement
[1594630176.363][INFO]: [1bcdbd85673e553e0104412ca1082dd1] COMMAND FindElement {
   "using": "xpath",
   "value": "//*[contains(text(),'Address')]/parent::*/parent::*/following-sibling::*/child::*"
}
[1594630176.363][INFO]: Waiting for pending navigations...
[1594630176.364][INFO]: Done waiting for pending navigations. Status: ok
[1594630176.385][INFO]: Waiting for pending navigations...
[1594630176.387][INFO]: Done waiting for pending navigations. Status: ok
[1594630176.387][INFO]: [1bcdbd85673e553e0104412ca1082dd1] RESPONSE FindElement {
   "element-6066-11e4-a52e-4f735466cecf": "914eabc1-01dc-45d7-a88f-4c6fb589b96c"
}
[1594630176.395][INFO]: [1bcdbd85673e553e0104412ca1082dd1] COMMAND TypeElement {
   "id": "914eabc1-01dc-45d7-a88f-4c6fb589b96c",
   "text": "abc def ghi ",
   "value": [ "a", "b", "c", " ", "d", "e", "f", " ", "g", "h", "i", " " ]
}
[1594630176.395][INFO]: Waiting for pending navigations...
[1594630176.396][INFO]: Done waiting for pending navigations. Status: ok
[1594630176.591][INFO]: Waiting for pending navigations...
[1594630176.592][INFO]: Done waiting for pending navigations. Status: ok
[1594630176.592][INFO]: [1bcdbd85673e553e0104412ca1082dd1] RESPONSE TypeElement
[1594630176.598][INFO]: [1bcdbd85673e553e0104412ca1082dd1] COMMAND FindElement {
   "using": "xpath",
   "value": "//*[contains(text(),'City')]/parent::*/parent::*/following-sibling::*/child::*"
}
[1594630176.598][INFO]: Waiting for pending navigations...
[1594630176.599][INFO]: Done waiting for pending navigations. Status: ok
[1594630176.620][INFO]: Waiting for pending navigations...
[1594630176.622][INFO]: Done waiting for pending navigations. Status: ok
[1594630176.622][INFO]: [1bcdbd85673e553e0104412ca1082dd1] RESPONSE FindElement {
   "element-6066-11e4-a52e-4f735466cecf": "2a8e390c-b087-48ea-a06e-cddd822d8c01"
}
[1594630176.634][INFO]: [1bcdbd85673e553e0104412ca1082dd1] COMMAND TypeElement {
   "id": "2a8e390c-b087-48ea-a06e-cddd822d8c01",
   "text": "bhopal",
   "value": [ "b", "h", "o", "p", "a", "l" ]
}
[1594630176.634][INFO]: Waiting for pending navigations...
[1594630176.636][INFO]: Done waiting for pending navigations. Status: ok
[1594630176.769][INFO]: Waiting for pending navigations...
[1594630176.770][INFO]: Done waiting for pending navigations. Status: ok
[1594630176.770][INFO]: [1bcdbd85673e553e0104412ca1082dd1] RESPONSE TypeElement
[1594630176.778][INFO]: [1bcdbd85673e553e0104412ca1082dd1] COMMAND FindElement {
   "using": "xpath",
   "value": "//*[contains(text(),'State/Province')]/parent::*/parent::*/following-sibling::*/child::*"
}
[1594630176.778][INFO]: Waiting for pending navigations...
[1594630176.779][INFO]: Done waiting for pending navigations. Status: ok
[1594630176.802][INFO]: Waiting for pending navigations...
[1594630176.804][INFO]: Done waiting for pending navigations. Status: ok
[1594630176.804][INFO]: [1bcdbd85673e553e0104412ca1082dd1] RESPONSE FindElement {
   "element-6066-11e4-a52e-4f735466cecf": "c1b3eb9f-dd03-4c13-820d-f68508063991"
}
[1594630176.810][INFO]: [1bcdbd85673e553e0104412ca1082dd1] COMMAND TypeElement {
   "id": "c1b3eb9f-dd03-4c13-820d-f68508063991",
   "text": "madhya predesh",
   "value": [ "m", "a", "d", "h", "y", "a", " ", "p", "r", "e", "d", "e", "s", "h" ]
}
[1594630176.811][INFO]: Waiting for pending navigations...
[1594630176.812][INFO]: Done waiting for pending navigations. Status: ok
[1594630177.020][INFO]: Waiting for pending navigations...
[1594630177.021][INFO]: Done waiting for pending navigations. Status: ok
[1594630177.021][INFO]: [1bcdbd85673e553e0104412ca1082dd1] RESPONSE TypeElement
[1594630177.028][INFO]: [1bcdbd85673e553e0104412ca1082dd1] COMMAND FindElement {
   "using": "xpath",
   "value": "//*[contains(text(),'Postal')]/parent::*/parent::*/following-sibling::*/child::*"
}
[1594630177.028][INFO]: Waiting for pending navigations...
[1594630177.029][INFO]: Done waiting for pending navigations. Status: ok
[1594630177.053][INFO]: Waiting for pending navigations...
[1594630177.054][INFO]: Done waiting for pending navigations. Status: ok
[1594630177.054][INFO]: [1bcdbd85673e553e0104412ca1082dd1] RESPONSE FindElement {
   "element-6066-11e4-a52e-4f735466cecf": "cfe36591-d02a-452b-ba96-8e12405be0da"
}
[1594630177.063][INFO]: [1bcdbd85673e553e0104412ca1082dd1] COMMAND TypeElement {
   "id": "cfe36591-d02a-452b-ba96-8e12405be0da",
   "text": "462023",
   "value": [ "4", "6", "2", "0", "2", "3" ]
}
[1594630177.063][INFO]: Waiting for pending navigations...
[1594630177.065][INFO]: Done waiting for pending navigations. Status: ok
[1594630177.208][INFO]: Waiting for pending navigations...
[1594630177.209][INFO]: Done waiting for pending navigations. Status: ok
[1594630177.210][INFO]: [1bcdbd85673e553e0104412ca1082dd1] RESPONSE TypeElement
[1594630177.215][INFO]: [1bcdbd85673e553e0104412ca1082dd1] COMMAND FindElement {
   "using": "xpath",
   "value": "//*[contains(text(),'Country')]/parent::*/parent::*/following-sibling::*/child::*"
}
[1594630177.215][INFO]: Waiting for pending navigations...
[1594630177.217][INFO]: Done waiting for pending navigations. Status: ok
[1594630177.238][INFO]: Waiting for pending navigations...
[1594630177.240][INFO]: Done waiting for pending navigations. Status: ok
[1594630177.240][INFO]: [1bcdbd85673e553e0104412ca1082dd1] RESPONSE FindElement {
   "element-6066-11e4-a52e-4f735466cecf": "525d6c0e-cee5-42bb-834d-28f70b2d8f21"
}
[1594630177.251][INFO]: [1bcdbd85673e553e0104412ca1082dd1] COMMAND GetElementTagName {
   "id": "525d6c0e-cee5-42bb-834d-28f70b2d8f21"
}
[1594630177.251][INFO]: Waiting for pending navigations...
[1594630177.252][INFO]: Done waiting for pending navigations. Status: ok
[1594630177.258][INFO]: Waiting for pending navigations...
[1594630177.259][INFO]: Done waiting for pending navigations. Status: ok
[1594630177.260][INFO]: [1bcdbd85673e553e0104412ca1082dd1] RESPONSE GetElementTagName "select"
[1594630177.284][INFO]: [1bcdbd85673e553e0104412ca1082dd1] COMMAND ExecuteScript {
   "args": [ {
      "element-6066-11e4-a52e-4f735466cecf": "525d6c0e-cee5-42bb-834d-28f70b2d8f21"
   }, "multiple" ],
   "script": "return (function(){return function(){var d=this;function f(a){return\"string\"==typeof a};function h(a,b){this.code=a;this.a=l[a]||m;this.message=b||\"\";a=this.a.replace(/((?:^|\\s+)[a-z])/g,function(a..."
}
[1594630177.284][INFO]: Waiting for pending navigations...
[1594630177.285][INFO]: Done waiting for pending navigations. Status: ok
[1594630177.295][INFO]: Waiting for pending navigations...
[1594630177.296][INFO]: Done waiting for pending navigations. Status: ok
[1594630177.296][INFO]: [1bcdbd85673e553e0104412ca1082dd1] RESPONSE ExecuteScript null
[1594630177.304][INFO]: [1bcdbd85673e553e0104412ca1082dd1] COMMAND FindChildElements {
   "id": "525d6c0e-cee5-42bb-834d-28f70b2d8f21",
   "using": "xpath",
   "value": ".//option[@value = \"92\"]"
}
[1594630177.304][INFO]: Waiting for pending navigations...
[1594630177.306][INFO]: Done waiting for pending navigations. Status: ok
[1594630177.328][INFO]: Waiting for pending navigations...
[1594630177.329][INFO]: Done waiting for pending navigations. Status: ok
[1594630177.329][INFO]: [1bcdbd85673e553e0104412ca1082dd1] RESPONSE FindChildElements [ {
   "element-6066-11e4-a52e-4f735466cecf": "2f15edba-a611-4438-8805-276fffb84aae"
} ]
[1594630177.338][INFO]: [1bcdbd85673e553e0104412ca1082dd1] COMMAND IsElementSelected {
   "id": "2f15edba-a611-4438-8805-276fffb84aae"
}
[1594630177.338][INFO]: Waiting for pending navigations...
[1594630177.340][INFO]: Done waiting for pending navigations. Status: ok
[1594630177.357][INFO]: Waiting for pending navigations...
[1594630177.359][INFO]: Done waiting for pending navigations. Status: ok
[1594630177.359][INFO]: [1bcdbd85673e553e0104412ca1082dd1] RESPONSE IsElementSelected false
[1594630177.366][INFO]: [1bcdbd85673e553e0104412ca1082dd1] COMMAND ClickElement {
   "id": "2f15edba-a611-4438-8805-276fffb84aae"
}
[1594630177.366][INFO]: Waiting for pending navigations...
[1594630177.368][INFO]: Done waiting for pending navigations. Status: ok
[1594630177.433][INFO]: Waiting for pending navigations...
[1594630177.438][INFO]: Done waiting for pending navigations. Status: ok
[1594630177.438][INFO]: [1bcdbd85673e553e0104412ca1082dd1] RESPONSE ClickElement
[1594630177.443][INFO]: [1bcdbd85673e553e0104412ca1082dd1] COMMAND FindElement {
   "using": "xpath",
   "value": "//*[contains(text(),'User')]/parent::*/parent::*/following-sibling::*/child::*"
}
[1594630177.443][INFO]: Waiting for pending navigations...
[1594630177.446][INFO]: Done waiting for pending navigations. Status: ok
[1594630177.467][INFO]: Waiting for pending navigations...
[1594630177.468][INFO]: Done waiting for pending navigations. Status: ok
[1594630177.468][INFO]: [1bcdbd85673e553e0104412ca1082dd1] RESPONSE FindElement {
   "element-6066-11e4-a52e-4f735466cecf": "9c503b66-5fe3-4f20-8f4d-f311589ad544"
}
[1594630177.475][INFO]: [1bcdbd85673e553e0104412ca1082dd1] COMMAND TypeElement {
   "id": "9c503b66-5fe3-4f20-8f4d-f311589ad544",
   "text": "shivam",
   "value": [ "s", "h", "i", "v", "a", "m" ]
}
[1594630177.475][INFO]: Waiting for pending navigations...
[1594630177.477][INFO]: Done waiting for pending navigations. Status: ok
[1594630177.603][INFO]: Waiting for pending navigations...
[1594630177.604][INFO]: Done waiting for pending navigations. Status: ok
[1594630177.604][INFO]: [1bcdbd85673e553e0104412ca1082dd1] RESPONSE TypeElement
[1594630177.609][INFO]: [1bcdbd85673e553e0104412ca1082dd1] COMMAND FindElement {
   "using": "xpath",
   "value": "//*[contains(text(),'Password')]/parent::*/parent::*/following-sibling::*/child::*"
}
[1594630177.609][INFO]: Waiting for pending navigations...
[1594630177.612][INFO]: Done waiting for pending navigations. Status: ok
[1594630177.630][INFO]: Waiting for pending navigations...
[1594630177.633][INFO]: Done waiting for pending navigations. Status: ok
[1594630177.633][INFO]: [1bcdbd85673e553e0104412ca1082dd1] RESPONSE FindElement {
   "element-6066-11e4-a52e-4f735466cecf": "1dabcfa0-2190-4d13-814b-66ff32bfe61f"
}
[1594630177.639][INFO]: [1bcdbd85673e553e0104412ca1082dd1] COMMAND TypeElement {
   "id": "1dabcfa0-2190-4d13-814b-66ff32bfe61f",
   "text": "shivam123",
   "value": [ "s", "h", "i", "v", "a", "m", "1", "2", "3" ]
}
[1594630177.639][INFO]: Waiting for pending navigations...
[1594630177.640][INFO]: Done waiting for pending navigations. Status: ok
[1594630177.778][INFO]: Waiting for pending navigations...
[1594630177.781][INFO]: Done waiting for pending navigations. Status: ok
[1594630177.781][INFO]: [1bcdbd85673e553e0104412ca1082dd1] RESPONSE TypeElement
[1594630177.787][INFO]: [1bcdbd85673e553e0104412ca1082dd1] COMMAND FindElement {
   "using": "xpath",
   "value": "//*[contains(text(),'Confirm')]/parent::*/parent::*/following-sibling::*/child::*"
}
[1594630177.787][INFO]: Waiting for pending navigations...
[1594630177.788][INFO]: Done waiting for pending navigations. Status: ok
[1594630177.813][INFO]: Waiting for pending navigations...
[1594630177.815][INFO]: Done waiting for pending navigations. Status: ok
[1594630177.815][INFO]: [1bcdbd85673e553e0104412ca1082dd1] RESPONSE FindElement {
   "element-6066-11e4-a52e-4f735466cecf": "eec0de5a-6bc6-4b8a-9d54-d4d78335a4b2"
}
[1594630177.823][INFO]: [1bcdbd85673e553e0104412ca1082dd1] COMMAND TypeElement {
   "id": "eec0de5a-6bc6-4b8a-9d54-d4d78335a4b2",
   "text": "shivam123",
   "value": [ "s", "h", "i", "v", "a", "m", "1", "2", "3" ]
}
[1594630177.823][INFO]: Waiting for pending navigations...
[1594630177.825][INFO]: Done waiting for pending navigations. Status: ok
[1594630177.946][INFO]: Waiting for pending navigations...
[1594630177.949][INFO]: Done waiting for pending navigations. Status: ok
[1594630177.949][INFO]: [1bcdbd85673e553e0104412ca1082dd1] RESPONSE TypeElement
[1594630177.955][INFO]: [1bcdbd85673e553e0104412ca1082dd1] COMMAND FindElement {
   "using": "css selector",
   "value": "*[name='register']"
}
[1594630177.955][INFO]: Waiting for pending navigations...
[1594630177.956][INFO]: Done waiting for pending navigations. Status: ok
[1594630177.981][INFO]: Waiting for pending navigations...
[1594630177.982][INFO]: Done waiting for pending navigations. Status: ok
[1594630177.982][INFO]: [1bcdbd85673e553e0104412ca1082dd1] RESPONSE FindElement {
   "element-6066-11e4-a52e-4f735466cecf": "5622dacc-66bb-4dc3-9dd0-84a0f1adde6f"
}
[1594630177.989][INFO]: [1bcdbd85673e553e0104412ca1082dd1] COMMAND ClickElement {
   "id": "5622dacc-66bb-4dc3-9dd0-84a0f1adde6f"
}
[1594630177.990][INFO]: Waiting for pending navigations...
[1594630177.991][INFO]: Done waiting for pending navigations. Status: ok
[1594630178.105][INFO]: Waiting for pending navigations...
[1594630180.594][INFO]: Done waiting for pending navigations. Status: ok
[1594630180.594][INFO]: [1bcdbd85673e553e0104412ca1082dd1] RESPONSE ClickElement
[1594630180.604][INFO]: [1bcdbd85673e553e0104412ca1082dd1] COMMAND Quit {

}
[1594630180.755][INFO]: [1bcdbd85673e553e0104412ca1082dd1] RESPONSE Quit
