[1594626010.327][INFO]: Starting ChromeDriver 78.0.3904.105 (60e2d8774a8151efa6a00b1f358371b1e0e07ee2-refs/branch-heads/3904@{#877})
[1594626010.328][INFO]: Please protect ports used by ChromeDriver and related test frameworks to prevent access by malicious code.
[1594626011.139][INFO]: [466a36670a6559fa7d64fdda3e9eb147] COMMAND InitSession {
   "capabilities": {
      "alwaysMatch": {
         "goog:chromeOptions": {
            "args": [ "start-maximized", "disable-infobars", "--disable-extensions", "--disable-gpu", "--no-sandbox", "--disable-dev-shm-usage", "--ignore-certificate-errors" ],
            "extensions": [  ],
            "prefs": {
               "download.default_directory": "/home/dell/shivaNewWorkspace/developmentDemo3/downloadFiless",
               "download.extensions_to_open": "text/csv/image/pdf",
               "download.prompt_for_download": "false",
               "profile.default_content_settings.popups": 0,
               "safebrowsing.enabled": "false"
            }
         }
      },
      "desiredCapabilities": {
         "acceptSslCerts": true,
         "browserName": "chrome",
         "disable-popup-blocking": false,
         "goog:chromeOptions": {
            "args": [ "start-maximized", "disable-infobars", "--disable-extensions", "--disable-gpu", "--no-sandbox", "--disable-dev-shm-usage", "--ignore-certificate-errors" ],
            "extensions": [  ],
            "prefs": {
               "download.default_directory": "/home/dell/shivaNewWorkspace/developmentDemo3/downloadFiless",
               "download.extensions_to_open": "text/csv/image/pdf",
               "download.prompt_for_download": "false",
               "profile.default_content_settings.popups": 0,
               "safebrowsing.enabled": "false"
            }
         },
         "platform": "ANY",
         "version": ""
      },
      "firstMatch": [ {
         "browserName": "chrome"
      } ],
      "requiredCapabilities": {

      }
   },
   "desiredCapabilities": {
      "acceptSslCerts": true,
      "browserName": "chrome",
      "disable-popup-blocking": false,
      "goog:chromeOptions": {
         "args": [ "start-maximized", "disable-infobars", "--disable-extensions", "--disable-gpu", "--no-sandbox", "--disable-dev-shm-usage", "--ignore-certificate-errors" ],
         "extensions": [  ],
         "prefs": {
            "download.default_directory": "/home/dell/shivaNewWorkspace/developmentDemo3/downloadFiless",
            "download.extensions_to_open": "text/csv/image/pdf",
            "download.prompt_for_download": "false",
            "profile.default_content_settings.popups": 0,
            "safebrowsing.enabled": "false"
         }
      },
      "platform": "ANY",
      "version": ""
   },
   "requiredCapabilities": {

   }
}
[1594626011.140][INFO]: Populating Preferences file: {
   "alternate_error_pages": {
      "enabled": false
   },
   "autofill": {
      "enabled": false
   },
   "browser": {
      "check_default_browser": false
   },
   "distribution": {
      "import_bookmarks": false,
      "import_history": false,
      "import_search_engine": false,
      "make_chrome_default_for_user": false,
      "skip_first_run_ui": true
   },
   "dns_prefetching": {
      "enabled": false
   },
   "download": {
      "default_directory": "/home/dell/shivaNewWorkspace/developmentDemo3/downloadFiless",
      "extensions_to_open": "text/csv/image/pdf",
      "prompt_for_download": "false"
   },
   "profile": {
      "content_settings": {
         "pattern_pairs": {
            "https://*,*": {
               "media-stream": {
                  "audio": "Default",
                  "video": "Default"
               }
            }
         }
      },
      "default_content_setting_values": {
         "geolocation": 1
      },
      "default_content_settings": {
         "geolocation": 1,
         "mouselock": 1,
         "notifications": 1,
         "popups": 0,
         "ppapi-broker": 1
      },
      "password_manager_enabled": false
   },
   "safebrowsing": {
      "enabled": "false"
   },
   "search": {
      "suggest_enabled": false
   },
   "translate": {
      "enabled": false
   }
}
[1594626011.140][INFO]: Populating Local State file: {
   "background_mode": {
      "enabled": false
   },
   "ssl": {
      "rev_checking": {
         "enabled": false
      }
   }
}
[1594626011.151][INFO]: Launching chrome: /usr/bin/google-chrome --disable-background-networking --disable-client-side-phishing-detection --disable-default-apps --disable-dev-shm-usage --disable-extensions --disable-extensions-except=/tmp/.com.google.Chrome.RImY4v/internal --disable-gpu --disable-hang-monitor --disable-infobars --disable-popup-blocking --disable-prompt-on-repost --disable-sync --enable-automation --enable-blink-features=ShadowDOMV0 --enable-logging --force-fieldtrials --ignore-certificate-errors --log-level=0 --no-first-run --no-sandbox --password-store=basic --remote-debugging-port=0 --start-maximized --test-type=webdriver --use-mock-keychain --user-data-dir=/tmp/.com.google.Chrome.9ivToq data:,
[1594626020.790][INFO]: resolved localhost to ["127.0.0.1"]
[1594626024.139][INFO]: [466a36670a6559fa7d64fdda3e9eb147] RESPONSE InitSession {
   "capabilities": {
      "acceptInsecureCerts": false,
      "browserName": "chrome",
      "browserVersion": "78.0.3904.108",
      "chrome": {
         "chromedriverVersion": "78.0.3904.105 (60e2d8774a8151efa6a00b1f358371b1e0e07ee2-refs/branch-heads/3904@{#877})",
         "userDataDir": "/tmp/.com.google.Chrome.9ivToq"
      },
      "goog:chromeOptions": {
         "debuggerAddress": "localhost:46591"
      },
      "networkConnectionEnabled": false,
      "pageLoadStrategy": "normal",
      "platformName": "linux",
      "proxy": {

      },
      "setWindowRect": true,
      "strictFileInteractability": false,
      "timeouts": {
         "implicit": 0,
         "pageLoad": 300000,
         "script": 30000
      },
      "unhandledPromptBehavior": "dismiss and notify"
   },
   "sessionId": "466a36670a6559fa7d64fdda3e9eb147"
}
[1594626024.274][INFO]: [466a36670a6559fa7d64fdda3e9eb147] COMMAND MaximizeWindow {

}
[1594626024.274][INFO]: Waiting for pending navigations...
[1594626024.276][INFO]: Done waiting for pending navigations. Status: ok
[1594626024.276][INFO]: resolved localhost to ["127.0.0.1"]
[1594626024.279][INFO]: Waiting for pending navigations...
[1594626024.280][INFO]: Done waiting for pending navigations. Status: ok
[1594626024.280][INFO]: [466a36670a6559fa7d64fdda3e9eb147] RESPONSE MaximizeWindow {
   "height": 741,
   "width": 1299,
   "x": 67,
   "y": 27
}
[1594626024.291][INFO]: [466a36670a6559fa7d64fdda3e9eb147] COMMAND SetTimeouts {
   "implicit": 30000
}
[1594626024.291][INFO]: [466a36670a6559fa7d64fdda3e9eb147] RESPONSE SetTimeouts
[1594626024.302][INFO]: [466a36670a6559fa7d64fdda3e9eb147] COMMAND Navigate {
   "url": "http://newtours.demoaut.com/"
}
[1594626024.302][INFO]: Waiting for pending navigations...
[1594626024.303][INFO]: Done waiting for pending navigations. Status: ok
[1594626025.351][INFO]: Waiting for pending navigations...
[1594626027.084][INFO]: Done waiting for pending navigations. Status: ok
[1594626027.084][INFO]: [466a36670a6559fa7d64fdda3e9eb147] RESPONSE Navigate
[1594626027.100][INFO]: [466a36670a6559fa7d64fdda3e9eb147] COMMAND FindElement {
   "using": "xpath",
   "value": "//*[text()='Home']"
}
[1594626027.100][INFO]: Waiting for pending navigations...
[1594626027.107][INFO]: Done waiting for pending navigations. Status: ok
[1594626027.466][INFO]: Waiting for pending navigations...
[1594626027.509][INFO]: Done waiting for pending navigations. Status: ok
[1594626027.510][INFO]: [466a36670a6559fa7d64fdda3e9eb147] RESPONSE FindElement {
   "element-6066-11e4-a52e-4f735466cecf": "42ed77c0-4355-41eb-bd51-19373bf91b02"
}
[1594626027.518][INFO]: [466a36670a6559fa7d64fdda3e9eb147] COMMAND ClickElement {
   "id": "42ed77c0-4355-41eb-bd51-19373bf91b02"
}
[1594626027.518][INFO]: Waiting for pending navigations...
[1594626027.519][INFO]: Done waiting for pending navigations. Status: ok
[1594626027.617][INFO]: Waiting for pending navigations...
[1594626028.391][INFO]: Done waiting for pending navigations. Status: ok
[1594626028.392][INFO]: [466a36670a6559fa7d64fdda3e9eb147] RESPONSE ClickElement
[1594626028.400][INFO]: [466a36670a6559fa7d64fdda3e9eb147] COMMAND FindElement {
   "using": "xpath",
   "value": "//*[text()='REGISTER']"
}
[1594626028.400][INFO]: Waiting for pending navigations...
[1594626028.402][INFO]: Done waiting for pending navigations. Status: ok
[1594626028.426][INFO]: Waiting for pending navigations...
[1594626028.428][INFO]: Done waiting for pending navigations. Status: ok
[1594626028.428][INFO]: [466a36670a6559fa7d64fdda3e9eb147] RESPONSE FindElement {
   "element-6066-11e4-a52e-4f735466cecf": "331def36-34ea-46d8-aafa-3eed07c4efc1"
}
[1594626028.435][INFO]: [466a36670a6559fa7d64fdda3e9eb147] COMMAND ClickElement {
   "id": "331def36-34ea-46d8-aafa-3eed07c4efc1"
}
[1594626028.435][INFO]: Waiting for pending navigations...
[1594626028.436][INFO]: Done waiting for pending navigations. Status: ok
[1594626028.507][INFO]: Waiting for pending navigations...
[1594626029.638][INFO]: Done waiting for pending navigations. Status: ok
[1594626029.638][INFO]: [466a36670a6559fa7d64fdda3e9eb147] RESPONSE ClickElement
[1594626029.650][INFO]: [466a36670a6559fa7d64fdda3e9eb147] COMMAND FindElement {
   "using": "xpath",
   "value": "//*[contains(text(),'First')]/parent::*/parent::*/following-sibling::*/child::*"
}
[1594626029.650][INFO]: Waiting for pending navigations...
[1594626029.651][INFO]: Done waiting for pending navigations. Status: ok
[1594626029.673][INFO]: Waiting for pending navigations...
[1594626029.674][INFO]: Done waiting for pending navigations. Status: ok
[1594626029.674][INFO]: [466a36670a6559fa7d64fdda3e9eb147] RESPONSE FindElement {
   "element-6066-11e4-a52e-4f735466cecf": "09af2ddc-cf2a-4609-8ace-066ee7042c1a"
}
[1594626029.687][INFO]: [466a36670a6559fa7d64fdda3e9eb147] COMMAND TypeElement {
   "id": "09af2ddc-cf2a-4609-8ace-066ee7042c1a",
   "text": "shivam",
   "value": [ "s", "h", "i", "v", "a", "m" ]
}
[1594626029.687][INFO]: Waiting for pending navigations...
[1594626029.688][INFO]: Done waiting for pending navigations. Status: ok
[1594626030.003][INFO]: Waiting for pending navigations...
[1594626030.004][INFO]: Done waiting for pending navigations. Status: ok
[1594626030.004][INFO]: [466a36670a6559fa7d64fdda3e9eb147] RESPONSE TypeElement
[1594626030.011][INFO]: [466a36670a6559fa7d64fdda3e9eb147] COMMAND FindElement {
   "using": "xpath",
   "value": "//*[contains(text(),'Last')]/parent::*/parent::*/following-sibling::*/child::*"
}
[1594626030.011][INFO]: Waiting for pending navigations...
[1594626030.017][INFO]: Done waiting for pending navigations. Status: ok
[1594626030.041][INFO]: Waiting for pending navigations...
[1594626030.043][INFO]: Done waiting for pending navigations. Status: ok
[1594626030.043][INFO]: [466a36670a6559fa7d64fdda3e9eb147] RESPONSE FindElement {
   "element-6066-11e4-a52e-4f735466cecf": "0127a03c-fabb-46ab-945f-9b3dac1286fb"
}
[1594626030.054][INFO]: [466a36670a6559fa7d64fdda3e9eb147] COMMAND TypeElement {
   "id": "0127a03c-fabb-46ab-945f-9b3dac1286fb",
   "text": "gite",
   "value": [ "g", "i", "t", "e" ]
}
[1594626030.054][INFO]: Waiting for pending navigations...
[1594626030.055][INFO]: Done waiting for pending navigations. Status: ok
[1594626030.173][INFO]: Waiting for pending navigations...
[1594626030.174][INFO]: Done waiting for pending navigations. Status: ok
[1594626030.174][INFO]: [466a36670a6559fa7d64fdda3e9eb147] RESPONSE TypeElement
[1594626030.182][INFO]: [466a36670a6559fa7d64fdda3e9eb147] COMMAND FindElement {
   "using": "xpath",
   "value": "//*[contains(text(),'Phone')]/parent::*/parent::*/following-sibling::*/child::*"
}
[1594626030.182][INFO]: Waiting for pending navigations...
[1594626030.183][INFO]: Done waiting for pending navigations. Status: ok
[1594626030.206][INFO]: Waiting for pending navigations...
[1594626030.207][INFO]: Done waiting for pending navigations. Status: ok
[1594626030.207][INFO]: [466a36670a6559fa7d64fdda3e9eb147] RESPONSE FindElement {
   "element-6066-11e4-a52e-4f735466cecf": "cbad8291-6c12-4934-a10f-c089b97aa40c"
}
[1594626030.215][INFO]: [466a36670a6559fa7d64fdda3e9eb147] COMMAND TypeElement {
   "id": "cbad8291-6c12-4934-a10f-c089b97aa40c",
   "text": "7974862384",
   "value": [ "7", "9", "7", "4", "8", "6", "2", "3", "8", "4" ]
}
[1594626030.215][INFO]: Waiting for pending navigations...
[1594626030.216][INFO]: Done waiting for pending navigations. Status: ok
[1594626030.394][INFO]: Waiting for pending navigations...
[1594626030.396][INFO]: Done waiting for pending navigations. Status: ok
[1594626030.396][INFO]: [466a36670a6559fa7d64fdda3e9eb147] RESPONSE TypeElement
[1594626030.405][INFO]: [466a36670a6559fa7d64fdda3e9eb147] COMMAND FindElement {
   "using": "xpath",
   "value": "//*[contains(text(),'Email')]/parent::*/parent::*/following-sibling::*/child::*"
}
[1594626030.405][INFO]: Waiting for pending navigations...
[1594626030.406][INFO]: Done waiting for pending navigations. Status: ok
[1594626030.428][INFO]: Waiting for pending navigations...
[1594626030.429][INFO]: Done waiting for pending navigations. Status: ok
[1594626030.429][INFO]: [466a36670a6559fa7d64fdda3e9eb147] RESPONSE FindElement {
   "element-6066-11e4-a52e-4f735466cecf": "ee932f85-3c4c-4f7e-b406-9827414c4787"
}
[1594626030.436][INFO]: [466a36670a6559fa7d64fdda3e9eb147] COMMAND TypeElement {
   "id": "ee932f85-3c4c-4f7e-b406-9827414c4787",
   "text": "xyz@gmail.com",
   "value": [ "x", "y", "z", "@", "g", "m", "a", "i", "l", ".", "c", "o", "m" ]
}
[1594626030.436][INFO]: Waiting for pending navigations...
[1594626030.437][INFO]: Done waiting for pending navigations. Status: ok
[1594626030.624][INFO]: Waiting for pending navigations...
[1594626030.625][INFO]: Done waiting for pending navigations. Status: ok
[1594626030.625][INFO]: [466a36670a6559fa7d64fdda3e9eb147] RESPONSE TypeElement
[1594626030.631][INFO]: [466a36670a6559fa7d64fdda3e9eb147] COMMAND FindElement {
   "using": "xpath",
   "value": "//*[contains(text(),'Address')]/parent::*/parent::*/following-sibling::*/child::*"
}
[1594626030.631][INFO]: Waiting for pending navigations...
[1594626030.632][INFO]: Done waiting for pending navigations. Status: ok
[1594626030.653][INFO]: Waiting for pending navigations...
[1594626030.654][INFO]: Done waiting for pending navigations. Status: ok
[1594626030.654][INFO]: [466a36670a6559fa7d64fdda3e9eb147] RESPONSE FindElement {
   "element-6066-11e4-a52e-4f735466cecf": "0c11d58f-3fd2-4616-aeba-7eb957f0bab6"
}
[1594626030.662][INFO]: [466a36670a6559fa7d64fdda3e9eb147] COMMAND TypeElement {
   "id": "0c11d58f-3fd2-4616-aeba-7eb957f0bab6",
   "text": "abc def ghi ",
   "value": [ "a", "b", "c", " ", "d", "e", "f", " ", "g", "h", "i", " " ]
}
[1594626030.663][INFO]: Waiting for pending navigations...
[1594626030.664][INFO]: Done waiting for pending navigations. Status: ok
[1594626030.842][INFO]: Waiting for pending navigations...
[1594626030.846][INFO]: Done waiting for pending navigations. Status: ok
[1594626030.846][INFO]: [466a36670a6559fa7d64fdda3e9eb147] RESPONSE TypeElement
[1594626030.852][INFO]: [466a36670a6559fa7d64fdda3e9eb147] COMMAND FindElement {
   "using": "xpath",
   "value": "//*[contains(text(),'City')]/parent::*/parent::*/following-sibling::*/child::*"
}
[1594626030.852][INFO]: Waiting for pending navigations...
[1594626030.854][INFO]: Done waiting for pending navigations. Status: ok
[1594626030.877][INFO]: Waiting for pending navigations...
[1594626030.879][INFO]: Done waiting for pending navigations. Status: ok
[1594626030.879][INFO]: [466a36670a6559fa7d64fdda3e9eb147] RESPONSE FindElement {
   "element-6066-11e4-a52e-4f735466cecf": "9b4239cc-cc70-442a-a684-b79a871f1714"
}
[1594626030.886][INFO]: [466a36670a6559fa7d64fdda3e9eb147] COMMAND TypeElement {
   "id": "9b4239cc-cc70-442a-a684-b79a871f1714",
   "text": "bhopal",
   "value": [ "b", "h", "o", "p", "a", "l" ]
}
[1594626030.886][INFO]: Waiting for pending navigations...
[1594626030.887][INFO]: Done waiting for pending navigations. Status: ok
[1594626031.020][INFO]: Waiting for pending navigations...
[1594626031.021][INFO]: Done waiting for pending navigations. Status: ok
[1594626031.021][INFO]: [466a36670a6559fa7d64fdda3e9eb147] RESPONSE TypeElement
[1594626031.029][INFO]: [466a36670a6559fa7d64fdda3e9eb147] COMMAND FindElement {
   "using": "xpath",
   "value": "//*[contains(text(),'State/Province')]/parent::*/parent::*/following-sibling::*/child::*"
}
[1594626031.029][INFO]: Waiting for pending navigations...
[1594626031.030][INFO]: Done waiting for pending navigations. Status: ok
[1594626031.049][INFO]: Waiting for pending navigations...
[1594626031.050][INFO]: Done waiting for pending navigations. Status: ok
[1594626031.050][INFO]: [466a36670a6559fa7d64fdda3e9eb147] RESPONSE FindElement {
   "element-6066-11e4-a52e-4f735466cecf": "56b9e09d-dfbc-4e70-b9c2-47f6582fbeba"
}
[1594626031.058][INFO]: [466a36670a6559fa7d64fdda3e9eb147] COMMAND TypeElement {
   "id": "56b9e09d-dfbc-4e70-b9c2-47f6582fbeba",
   "text": "madhya predesh",
   "value": [ "m", "a", "d", "h", "y", "a", " ", "p", "r", "e", "d", "e", "s", "h" ]
}
[1594626031.058][INFO]: Waiting for pending navigations...
[1594626031.061][INFO]: Done waiting for pending navigations. Status: ok
[1594626031.244][INFO]: Waiting for pending navigations...
[1594626031.248][INFO]: Done waiting for pending navigations. Status: ok
[1594626031.248][INFO]: [466a36670a6559fa7d64fdda3e9eb147] RESPONSE TypeElement
[1594626031.255][INFO]: [466a36670a6559fa7d64fdda3e9eb147] COMMAND FindElement {
   "using": "xpath",
   "value": "//*[contains(text(),'Postal')]/parent::*/parent::*/following-sibling::*/child::*"
}
[1594626031.255][INFO]: Waiting for pending navigations...
[1594626031.256][INFO]: Done waiting for pending navigations. Status: ok
[1594626031.276][INFO]: Waiting for pending navigations...
[1594626031.277][INFO]: Done waiting for pending navigations. Status: ok
[1594626031.277][INFO]: [466a36670a6559fa7d64fdda3e9eb147] RESPONSE FindElement {
   "element-6066-11e4-a52e-4f735466cecf": "8ffaf35f-5d66-450d-be9d-5f3ed548958e"
}
[1594626031.285][INFO]: [466a36670a6559fa7d64fdda3e9eb147] COMMAND TypeElement {
   "id": "8ffaf35f-5d66-450d-be9d-5f3ed548958e",
   "text": "462023",
   "value": [ "4", "6", "2", "0", "2", "3" ]
}
[1594626031.285][INFO]: Waiting for pending navigations...
[1594626031.287][INFO]: Done waiting for pending navigations. Status: ok
[1594626031.421][INFO]: Waiting for pending navigations...
[1594626031.422][INFO]: Done waiting for pending navigations. Status: ok
[1594626031.422][INFO]: [466a36670a6559fa7d64fdda3e9eb147] RESPONSE TypeElement
[1594626031.428][INFO]: [466a36670a6559fa7d64fdda3e9eb147] COMMAND FindElement {
   "using": "xpath",
   "value": "//*[contains(text(),'Country')]/parent::*/parent::*/following-sibling::*/child::*"
}
[1594626031.428][INFO]: Waiting for pending navigations...
[1594626031.429][INFO]: Done waiting for pending navigations. Status: ok
[1594626031.451][INFO]: Waiting for pending navigations...
[1594626031.452][INFO]: Done waiting for pending navigations. Status: ok
[1594626031.452][INFO]: [466a36670a6559fa7d64fdda3e9eb147] RESPONSE FindElement {
   "element-6066-11e4-a52e-4f735466cecf": "ffe7f131-a691-412b-8797-5fd4df23f5f4"
}
[1594626031.463][INFO]: [466a36670a6559fa7d64fdda3e9eb147] COMMAND GetElementTagName {
   "id": "ffe7f131-a691-412b-8797-5fd4df23f5f4"
}
[1594626031.463][INFO]: Waiting for pending navigations...
[1594626031.465][INFO]: Done waiting for pending navigations. Status: ok
[1594626031.471][INFO]: Waiting for pending navigations...
[1594626031.473][INFO]: Done waiting for pending navigations. Status: ok
[1594626031.473][INFO]: [466a36670a6559fa7d64fdda3e9eb147] RESPONSE GetElementTagName "select"
[1594626031.536][INFO]: [466a36670a6559fa7d64fdda3e9eb147] COMMAND ExecuteScript {
   "args": [ {
      "element-6066-11e4-a52e-4f735466cecf": "ffe7f131-a691-412b-8797-5fd4df23f5f4"
   }, "multiple" ],
   "script": "return (function(){return function(){var d=this;function f(a){return\"string\"==typeof a};function h(a,b){this.code=a;this.a=l[a]||m;this.message=b||\"\";a=this.a.replace(/((?:^|\\s+)[a-z])/g,function(a..."
}
[1594626031.536][INFO]: Waiting for pending navigations...
[1594626031.537][INFO]: Done waiting for pending navigations. Status: ok
[1594626031.549][INFO]: Waiting for pending navigations...
[1594626031.550][INFO]: Done waiting for pending navigations. Status: ok
[1594626031.550][INFO]: [466a36670a6559fa7d64fdda3e9eb147] RESPONSE ExecuteScript null
[1594626031.558][INFO]: [466a36670a6559fa7d64fdda3e9eb147] COMMAND FindChildElements {
   "id": "ffe7f131-a691-412b-8797-5fd4df23f5f4",
   "using": "xpath",
   "value": ".//option[@value = \"92\"]"
}
[1594626031.558][INFO]: Waiting for pending navigations...
[1594626031.560][INFO]: Done waiting for pending navigations. Status: ok
[1594626031.580][INFO]: Waiting for pending navigations...
[1594626031.582][INFO]: Done waiting for pending navigations. Status: ok
[1594626031.582][INFO]: [466a36670a6559fa7d64fdda3e9eb147] RESPONSE FindChildElements [ {
   "element-6066-11e4-a52e-4f735466cecf": "3da89b23-b3d5-4b0d-9773-fa1f2106c16b"
} ]
[1594626031.587][INFO]: [466a36670a6559fa7d64fdda3e9eb147] COMMAND IsElementSelected {
   "id": "3da89b23-b3d5-4b0d-9773-fa1f2106c16b"
}
[1594626031.587][INFO]: Waiting for pending navigations...
[1594626031.590][INFO]: Done waiting for pending navigations. Status: ok
[1594626031.609][INFO]: Waiting for pending navigations...
[1594626031.611][INFO]: Done waiting for pending navigations. Status: ok
[1594626031.611][INFO]: [466a36670a6559fa7d64fdda3e9eb147] RESPONSE IsElementSelected false
[1594626031.619][INFO]: [466a36670a6559fa7d64fdda3e9eb147] COMMAND ClickElement {
   "id": "3da89b23-b3d5-4b0d-9773-fa1f2106c16b"
}
[1594626031.619][INFO]: Waiting for pending navigations...
[1594626031.620][INFO]: Done waiting for pending navigations. Status: ok
[1594626031.682][INFO]: Waiting for pending navigations...
[1594626031.687][INFO]: Done waiting for pending navigations. Status: ok
[1594626031.687][INFO]: [466a36670a6559fa7d64fdda3e9eb147] RESPONSE ClickElement
[1594626031.693][INFO]: [466a36670a6559fa7d64fdda3e9eb147] COMMAND FindElement {
   "using": "xpath",
   "value": "//*[contains(text(),'User')]/parent::*/parent::*/following-sibling::*/child::*"
}
[1594626031.694][INFO]: Waiting for pending navigations...
[1594626031.695][INFO]: Done waiting for pending navigations. Status: ok
[1594626031.711][INFO]: Waiting for pending navigations...
[1594626031.712][INFO]: Done waiting for pending navigations. Status: ok
[1594626031.712][INFO]: [466a36670a6559fa7d64fdda3e9eb147] RESPONSE FindElement {
   "element-6066-11e4-a52e-4f735466cecf": "5bf8d334-5ce8-48ed-bb72-39983c6ac269"
}
[1594626031.719][INFO]: [466a36670a6559fa7d64fdda3e9eb147] COMMAND TypeElement {
   "id": "5bf8d334-5ce8-48ed-bb72-39983c6ac269",
   "text": "shivam",
   "value": [ "s", "h", "i", "v", "a", "m" ]
}
[1594626031.719][INFO]: Waiting for pending navigations...
[1594626031.720][INFO]: Done waiting for pending navigations. Status: ok
[1594626031.846][INFO]: Waiting for pending navigations...
[1594626031.847][INFO]: Done waiting for pending navigations. Status: ok
[1594626031.847][INFO]: [466a36670a6559fa7d64fdda3e9eb147] RESPONSE TypeElement
[1594626031.854][INFO]: [466a36670a6559fa7d64fdda3e9eb147] COMMAND FindElement {
   "using": "xpath",
   "value": "//*[contains(text(),'Password')]/parent::*/parent::*/following-sibling::*/child::*"
}
[1594626031.854][INFO]: Waiting for pending navigations...
[1594626031.855][INFO]: Done waiting for pending navigations. Status: ok
[1594626031.876][INFO]: Waiting for pending navigations...
[1594626031.878][INFO]: Done waiting for pending navigations. Status: ok
[1594626031.878][INFO]: [466a36670a6559fa7d64fdda3e9eb147] RESPONSE FindElement {
   "element-6066-11e4-a52e-4f735466cecf": "6275b689-0b7c-4c12-bd5e-16949f114a02"
}
[1594626031.886][INFO]: [466a36670a6559fa7d64fdda3e9eb147] COMMAND TypeElement {
   "id": "6275b689-0b7c-4c12-bd5e-16949f114a02",
   "text": "shivam123",
   "value": [ "s", "h", "i", "v", "a", "m", "1", "2", "3" ]
}
[1594626031.886][INFO]: Waiting for pending navigations...
[1594626031.887][INFO]: Done waiting for pending navigations. Status: ok
[1594626032.024][INFO]: Waiting for pending navigations...
[1594626032.025][INFO]: Done waiting for pending navigations. Status: ok
[1594626032.025][INFO]: [466a36670a6559fa7d64fdda3e9eb147] RESPONSE TypeElement
[1594626032.032][INFO]: [466a36670a6559fa7d64fdda3e9eb147] COMMAND FindElement {
   "using": "xpath",
   "value": "//*[contains(text(),'Confirm')]/parent::*/parent::*/following-sibling::*/child::*"
}
[1594626032.032][INFO]: Waiting for pending navigations...
[1594626032.034][INFO]: Done waiting for pending navigations. Status: ok
[1594626032.061][INFO]: Waiting for pending navigations...
[1594626032.063][INFO]: Done waiting for pending navigations. Status: ok
[1594626032.063][INFO]: [466a36670a6559fa7d64fdda3e9eb147] RESPONSE FindElement {
   "element-6066-11e4-a52e-4f735466cecf": "93ef9d33-c43e-4973-aa0f-a66c829710ad"
}
[1594626032.071][INFO]: [466a36670a6559fa7d64fdda3e9eb147] COMMAND TypeElement {
   "id": "93ef9d33-c43e-4973-aa0f-a66c829710ad",
   "text": "shivam123",
   "value": [ "s", "h", "i", "v", "a", "m", "1", "2", "3" ]
}
[1594626032.071][INFO]: Waiting for pending navigations...
[1594626032.072][INFO]: Done waiting for pending navigations. Status: ok
[1594626032.215][INFO]: Waiting for pending navigations...
[1594626032.216][INFO]: Done waiting for pending navigations. Status: ok
[1594626032.216][INFO]: [466a36670a6559fa7d64fdda3e9eb147] RESPONSE TypeElement
[1594626032.223][INFO]: [466a36670a6559fa7d64fdda3e9eb147] COMMAND FindElement {
   "using": "css selector",
   "value": "*[name='register']"
}
[1594626032.223][INFO]: Waiting for pending navigations...
[1594626032.225][INFO]: Done waiting for pending navigations. Status: ok
[1594626032.245][INFO]: Waiting for pending navigations...
[1594626032.246][INFO]: Done waiting for pending navigations. Status: ok
[1594626032.246][INFO]: [466a36670a6559fa7d64fdda3e9eb147] RESPONSE FindElement {
   "element-6066-11e4-a52e-4f735466cecf": "6ca5d20d-f611-4aa8-afbe-cfa4f36904b9"
}
[1594626032.252][INFO]: [466a36670a6559fa7d64fdda3e9eb147] COMMAND ClickElement {
   "id": "6ca5d20d-f611-4aa8-afbe-cfa4f36904b9"
}
[1594626032.252][INFO]: Waiting for pending navigations...
[1594626032.253][INFO]: Done waiting for pending navigations. Status: ok
[1594626032.462][INFO]: Waiting for pending navigations...
[1594626034.617][INFO]: Done waiting for pending navigations. Status: ok
[1594626034.617][INFO]: [466a36670a6559fa7d64fdda3e9eb147] RESPONSE ClickElement
[1594626034.624][INFO]: [466a36670a6559fa7d64fdda3e9eb147] COMMAND Quit {

}
[1594626034.674][INFO]: [466a36670a6559fa7d64fdda3e9eb147] RESPONSE Quit
