[1594623608.591][INFO]: Starting ChromeDriver 78.0.3904.105 (60e2d8774a8151efa6a00b1f358371b1e0e07ee2-refs/branch-heads/3904@{#877})
[1594623608.591][INFO]: Please protect ports used by ChromeDriver and related test frameworks to prevent access by malicious code.
[1594623608.888][INFO]: [f300d1e01b90044d64ca0babbfefe8a4] COMMAND InitSession {
   "capabilities": {
      "alwaysMatch": {
         "goog:chromeOptions": {
            "args": [ "start-maximized", "disable-infobars", "--disable-extensions", "--disable-gpu", "--no-sandbox", "--disable-dev-shm-usage", "--ignore-certificate-errors" ],
            "extensions": [  ],
            "prefs": {
               "download.default_directory": "/home/dell/shivaNewWorkspace/developmentDemo3/downloadFiless",
               "download.extensions_to_open": "text/csv/image/pdf",
               "download.prompt_for_download": "false",
               "profile.default_content_settings.popups": 0,
               "safebrowsing.enabled": "false"
            }
         }
      },
      "desiredCapabilities": {
         "acceptSslCerts": true,
         "browserName": "chrome",
         "disable-popup-blocking": false,
         "goog:chromeOptions": {
            "args": [ "start-maximized", "disable-infobars", "--disable-extensions", "--disable-gpu", "--no-sandbox", "--disable-dev-shm-usage", "--ignore-certificate-errors" ],
            "extensions": [  ],
            "prefs": {
               "download.default_directory": "/home/dell/shivaNewWorkspace/developmentDemo3/downloadFiless",
               "download.extensions_to_open": "text/csv/image/pdf",
               "download.prompt_for_download": "false",
               "profile.default_content_settings.popups": 0,
               "safebrowsing.enabled": "false"
            }
         },
         "platform": "ANY",
         "version": ""
      },
      "firstMatch": [ {
         "browserName": "chrome"
      } ],
      "requiredCapabilities": {

      }
   },
   "desiredCapabilities": {
      "acceptSslCerts": true,
      "browserName": "chrome",
      "disable-popup-blocking": false,
      "goog:chromeOptions": {
         "args": [ "start-maximized", "disable-infobars", "--disable-extensions", "--disable-gpu", "--no-sandbox", "--disable-dev-shm-usage", "--ignore-certificate-errors" ],
         "extensions": [  ],
         "prefs": {
            "download.default_directory": "/home/dell/shivaNewWorkspace/developmentDemo3/downloadFiless",
            "download.extensions_to_open": "text/csv/image/pdf",
            "download.prompt_for_download": "false",
            "profile.default_content_settings.popups": 0,
            "safebrowsing.enabled": "false"
         }
      },
      "platform": "ANY",
      "version": ""
   },
   "requiredCapabilities": {

   }
}
[1594623608.889][INFO]: Populating Preferences file: {
   "alternate_error_pages": {
      "enabled": false
   },
   "autofill": {
      "enabled": false
   },
   "browser": {
      "check_default_browser": false
   },
   "distribution": {
      "import_bookmarks": false,
      "import_history": false,
      "import_search_engine": false,
      "make_chrome_default_for_user": false,
      "skip_first_run_ui": true
   },
   "dns_prefetching": {
      "enabled": false
   },
   "download": {
      "default_directory": "/home/dell/shivaNewWorkspace/developmentDemo3/downloadFiless",
      "extensions_to_open": "text/csv/image/pdf",
      "prompt_for_download": "false"
   },
   "profile": {
      "content_settings": {
         "pattern_pairs": {
            "https://*,*": {
               "media-stream": {
                  "audio": "Default",
                  "video": "Default"
               }
            }
         }
      },
      "default_content_setting_values": {
         "geolocation": 1
      },
      "default_content_settings": {
         "geolocation": 1,
         "mouselock": 1,
         "notifications": 1,
         "popups": 0,
         "ppapi-broker": 1
      },
      "password_manager_enabled": false
   },
   "safebrowsing": {
      "enabled": "false"
   },
   "search": {
      "suggest_enabled": false
   },
   "translate": {
      "enabled": false
   }
}
[1594623608.889][INFO]: Populating Local State file: {
   "background_mode": {
      "enabled": false
   },
   "ssl": {
      "rev_checking": {
         "enabled": false
      }
   }
}
[1594623608.890][INFO]: Launching chrome: /usr/bin/google-chrome --disable-background-networking --disable-client-side-phishing-detection --disable-default-apps --disable-dev-shm-usage --disable-extensions --disable-extensions-except=/tmp/.com.google.Chrome.VqPslf/internal --disable-gpu --disable-hang-monitor --disable-infobars --disable-popup-blocking --disable-prompt-on-repost --disable-sync --enable-automation --enable-blink-features=ShadowDOMV0 --enable-logging --force-fieldtrials --ignore-certificate-errors --log-level=0 --no-first-run --no-sandbox --password-store=basic --remote-debugging-port=0 --start-maximized --test-type=webdriver --use-mock-keychain --user-data-dir=/tmp/.com.google.Chrome.LM5a9d data:,
[1594623609.441][INFO]: resolved localhost to ["127.0.0.1"]
[1594623609.581][INFO]: [f300d1e01b90044d64ca0babbfefe8a4] RESPONSE InitSession {
   "capabilities": {
      "acceptInsecureCerts": false,
      "browserName": "chrome",
      "browserVersion": "78.0.3904.108",
      "chrome": {
         "chromedriverVersion": "78.0.3904.105 (60e2d8774a8151efa6a00b1f358371b1e0e07ee2-refs/branch-heads/3904@{#877})",
         "userDataDir": "/tmp/.com.google.Chrome.LM5a9d"
      },
      "goog:chromeOptions": {
         "debuggerAddress": "localhost:38559"
      },
      "networkConnectionEnabled": false,
      "pageLoadStrategy": "normal",
      "platformName": "linux",
      "proxy": {

      },
      "setWindowRect": true,
      "strictFileInteractability": false,
      "timeouts": {
         "implicit": 0,
         "pageLoad": 300000,
         "script": 30000
      },
      "unhandledPromptBehavior": "dismiss and notify"
   },
   "sessionId": "f300d1e01b90044d64ca0babbfefe8a4"
}
[1594623609.753][INFO]: [f300d1e01b90044d64ca0babbfefe8a4] COMMAND MaximizeWindow {

}
[1594623609.753][INFO]: Waiting for pending navigations...
[1594623609.754][INFO]: Done waiting for pending navigations. Status: ok
[1594623609.755][INFO]: resolved localhost to ["127.0.0.1"]
[1594623609.756][INFO]: Waiting for pending navigations...
[1594623609.757][INFO]: Done waiting for pending navigations. Status: ok
[1594623609.757][INFO]: [f300d1e01b90044d64ca0babbfefe8a4] RESPONSE MaximizeWindow {
   "height": 741,
   "width": 1299,
   "x": 67,
   "y": 27
}
[1594623609.767][INFO]: [f300d1e01b90044d64ca0babbfefe8a4] COMMAND SetTimeouts {
   "implicit": 30000
}
[1594623609.767][INFO]: [f300d1e01b90044d64ca0babbfefe8a4] RESPONSE SetTimeouts
[1594623609.819][INFO]: [f300d1e01b90044d64ca0babbfefe8a4] COMMAND Quit {

}
[1594623609.920][INFO]: [f300d1e01b90044d64ca0babbfefe8a4] RESPONSE Quit
