[1594623336.751][INFO]: Starting ChromeDriver 78.0.3904.105 (60e2d8774a8151efa6a00b1f358371b1e0e07ee2-refs/branch-heads/3904@{#877})
[1594623336.751][INFO]: Please protect ports used by ChromeDriver and related test frameworks to prevent access by malicious code.
[1594623337.052][INFO]: [074e649cb5832d7f106cdfcd650a7c4b] COMMAND InitSession {
   "capabilities": {
      "alwaysMatch": {
         "goog:chromeOptions": {
            "args": [ "start-maximized", "disable-infobars", "--disable-extensions", "--disable-gpu", "--no-sandbox", "--disable-dev-shm-usage", "--ignore-certificate-errors", "--headless" ],
            "extensions": [  ],
            "prefs": {
               "download.default_directory": "/home/dell/shivaNewWorkspace/developmentDemo3/downloadFiless",
               "download.extensions_to_open": "text/csv/image/pdf",
               "download.prompt_for_download": "false",
               "profile.default_content_settings.popups": 0,
               "safebrowsing.enabled": "false"
            }
         }
      },
      "desiredCapabilities": {
         "acceptSslCerts": true,
         "browserName": "chrome",
         "disable-popup-blocking": false,
         "goog:chromeOptions": {
            "args": [ "start-maximized", "disable-infobars", "--disable-extensions", "--disable-gpu", "--no-sandbox", "--disable-dev-shm-usage", "--ignore-certificate-errors", "--headless" ],
            "extensions": [  ],
            "prefs": {
               "download.default_directory": "/home/dell/shivaNewWorkspace/developmentDemo3/downloadFiless",
               "download.extensions_to_open": "text/csv/image/pdf",
               "download.prompt_for_download": "false",
               "profile.default_content_settings.popups": 0,
               "safebrowsing.enabled": "false"
            }
         },
         "platform": "ANY",
         "version": ""
      },
      "firstMatch": [ {
         "browserName": "chrome"
      } ],
      "requiredCapabilities": {

      }
   },
   "desiredCapabilities": {
      "acceptSslCerts": true,
      "browserName": "chrome",
      "disable-popup-blocking": false,
      "goog:chromeOptions": {
         "args": [ "start-maximized", "disable-infobars", "--disable-extensions", "--disable-gpu", "--no-sandbox", "--disable-dev-shm-usage", "--ignore-certificate-errors", "--headless" ],
         "extensions": [  ],
         "prefs": {
            "download.default_directory": "/home/dell/shivaNewWorkspace/developmentDemo3/downloadFiless",
            "download.extensions_to_open": "text/csv/image/pdf",
            "download.prompt_for_download": "false",
            "profile.default_content_settings.popups": 0,
            "safebrowsing.enabled": "false"
         }
      },
      "platform": "ANY",
      "version": ""
   },
   "requiredCapabilities": {

   }
}
[1594623337.053][INFO]: Populating Preferences file: {
   "alternate_error_pages": {
      "enabled": false
   },
   "autofill": {
      "enabled": false
   },
   "browser": {
      "check_default_browser": false
   },
   "distribution": {
      "import_bookmarks": false,
      "import_history": false,
      "import_search_engine": false,
      "make_chrome_default_for_user": false,
      "skip_first_run_ui": true
   },
   "dns_prefetching": {
      "enabled": false
   },
   "download": {
      "default_directory": "/home/dell/shivaNewWorkspace/developmentDemo3/downloadFiless",
      "extensions_to_open": "text/csv/image/pdf",
      "prompt_for_download": "false"
   },
   "profile": {
      "content_settings": {
         "pattern_pairs": {
            "https://*,*": {
               "media-stream": {
                  "audio": "Default",
                  "video": "Default"
               }
            }
         }
      },
      "default_content_setting_values": {
         "geolocation": 1
      },
      "default_content_settings": {
         "geolocation": 1,
         "mouselock": 1,
         "notifications": 1,
         "popups": 0,
         "ppapi-broker": 1
      },
      "password_manager_enabled": false
   },
   "safebrowsing": {
      "enabled": "false"
   },
   "search": {
      "suggest_enabled": false
   },
   "translate": {
      "enabled": false
   }
}
[1594623337.053][INFO]: Populating Local State file: {
   "background_mode": {
      "enabled": false
   },
   "ssl": {
      "rev_checking": {
         "enabled": false
      }
   }
}
[1594623337.054][INFO]: Launching chrome: /usr/bin/google-chrome --disable-background-networking --disable-client-side-phishing-detection --disable-default-apps --disable-dev-shm-usage --disable-extensions --disable-extensions-except=/tmp/.com.google.Chrome.iKvdJ2/internal --disable-gpu --disable-hang-monitor --disable-infobars --disable-popup-blocking --disable-prompt-on-repost --disable-sync --enable-automation --enable-blink-features=ShadowDOMV0 --enable-logging --force-fieldtrials --headless --ignore-certificate-errors --log-level=0 --no-first-run --no-sandbox --password-store=basic --remote-debugging-port=0 --start-maximized --test-type=webdriver --use-mock-keychain --user-data-dir=/tmp/.com.google.Chrome.g5qFMC data:,
[1594623337.213][INFO]: resolved localhost to ["127.0.0.1"]
[1594623337.269][INFO]: [074e649cb5832d7f106cdfcd650a7c4b] RESPONSE InitSession {
   "capabilities": {
      "acceptInsecureCerts": false,
      "browserName": "chrome",
      "browserVersion": "78.0.3904.108",
      "chrome": {
         "chromedriverVersion": "78.0.3904.105 (60e2d8774a8151efa6a00b1f358371b1e0e07ee2-refs/branch-heads/3904@{#877})",
         "userDataDir": "/tmp/.com.google.Chrome.g5qFMC"
      },
      "goog:chromeOptions": {
         "debuggerAddress": "localhost:37009"
      },
      "networkConnectionEnabled": false,
      "pageLoadStrategy": "normal",
      "platformName": "linux",
      "proxy": {

      },
      "setWindowRect": true,
      "strictFileInteractability": false,
      "timeouts": {
         "implicit": 0,
         "pageLoad": 300000,
         "script": 30000
      },
      "unhandledPromptBehavior": "dismiss and notify"
   },
   "sessionId": "074e649cb5832d7f106cdfcd650a7c4b"
}
[1594623337.366][INFO]: [074e649cb5832d7f106cdfcd650a7c4b] COMMAND MaximizeWindow {

}
[1594623337.366][INFO]: Waiting for pending navigations...
[1594623337.368][INFO]: Done waiting for pending navigations. Status: ok
[1594623337.368][INFO]: resolved localhost to ["127.0.0.1"]
[1594623337.472][INFO]: Waiting for pending navigations...
[1594623337.474][INFO]: Done waiting for pending navigations. Status: ok
[1594623337.474][INFO]: [074e649cb5832d7f106cdfcd650a7c4b] RESPONSE MaximizeWindow {
   "height": 600,
   "width": 800,
   "x": 0,
   "y": 0
}
[1594623337.487][INFO]: [074e649cb5832d7f106cdfcd650a7c4b] COMMAND SetTimeouts {
   "implicit": 30000
}
[1594623337.487][INFO]: [074e649cb5832d7f106cdfcd650a7c4b] RESPONSE SetTimeouts
[1594623337.496][INFO]: [074e649cb5832d7f106cdfcd650a7c4b] COMMAND Navigate {
   "url": "http://newtours.demoaut.com/"
}
[1594623337.496][INFO]: Waiting for pending navigations...
[1594623337.497][INFO]: Done waiting for pending navigations. Status: ok
[1594623338.463][INFO]: Waiting for pending navigations...
[1594623340.066][INFO]: Done waiting for pending navigations. Status: ok
[1594623340.066][INFO]: [074e649cb5832d7f106cdfcd650a7c4b] RESPONSE Navigate
[1594623340.077][INFO]: [074e649cb5832d7f106cdfcd650a7c4b] COMMAND FindElement {
   "using": "xpath",
   "value": "//*[text()='Home']"
}
[1594623340.077][INFO]: Waiting for pending navigations...
[1594623340.078][INFO]: Done waiting for pending navigations. Status: ok
[1594623340.102][INFO]: Waiting for pending navigations...
[1594623340.103][INFO]: Done waiting for pending navigations. Status: ok
[1594623340.104][INFO]: [074e649cb5832d7f106cdfcd650a7c4b] RESPONSE FindElement {
   "element-6066-11e4-a52e-4f735466cecf": "068fc728-0464-4597-bad9-8b3e3a112ce7"
}
[1594623340.115][INFO]: [074e649cb5832d7f106cdfcd650a7c4b] COMMAND ClickElement {
   "id": "068fc728-0464-4597-bad9-8b3e3a112ce7"
}
[1594623340.115][INFO]: Waiting for pending navigations...
[1594623340.116][INFO]: Done waiting for pending navigations. Status: ok
[1594623340.199][INFO]: Waiting for pending navigations...
[1594623341.006][INFO]: Done waiting for pending navigations. Status: ok
[1594623341.007][INFO]: [074e649cb5832d7f106cdfcd650a7c4b] RESPONSE ClickElement
[1594623341.014][INFO]: [074e649cb5832d7f106cdfcd650a7c4b] COMMAND FindElement {
   "using": "xpath",
   "value": "//*[text()='REGISTER']"
}
[1594623341.014][INFO]: Waiting for pending navigations...
[1594623341.016][INFO]: Done waiting for pending navigations. Status: ok
[1594623341.044][INFO]: Waiting for pending navigations...
[1594623341.046][INFO]: Done waiting for pending navigations. Status: ok
[1594623341.046][INFO]: [074e649cb5832d7f106cdfcd650a7c4b] RESPONSE FindElement {
   "element-6066-11e4-a52e-4f735466cecf": "05064cf5-72dc-4fd4-8f17-7504305fa723"
}
[1594623341.052][INFO]: [074e649cb5832d7f106cdfcd650a7c4b] COMMAND ClickElement {
   "id": "05064cf5-72dc-4fd4-8f17-7504305fa723"
}
[1594623341.052][INFO]: Waiting for pending navigations...
[1594623341.054][INFO]: Done waiting for pending navigations. Status: ok
[1594623341.121][INFO]: Waiting for pending navigations...
[1594623342.272][INFO]: Done waiting for pending navigations. Status: ok
[1594623342.272][INFO]: [074e649cb5832d7f106cdfcd650a7c4b] RESPONSE ClickElement
[1594623342.280][INFO]: [074e649cb5832d7f106cdfcd650a7c4b] COMMAND FindElement {
   "using": "xpath",
   "value": "//*[contains(text(),'First')]/parent::*/parent::*/following-sibling::*/child::*"
}
[1594623342.280][INFO]: Waiting for pending navigations...
[1594623342.281][INFO]: Done waiting for pending navigations. Status: ok
[1594623342.305][INFO]: Waiting for pending navigations...
[1594623342.306][INFO]: Done waiting for pending navigations. Status: ok
[1594623342.306][INFO]: [074e649cb5832d7f106cdfcd650a7c4b] RESPONSE FindElement {
   "element-6066-11e4-a52e-4f735466cecf": "7d839112-5b44-451e-8607-080e9dd646c9"
}
[1594623342.322][INFO]: [074e649cb5832d7f106cdfcd650a7c4b] COMMAND TypeElement {
   "id": "7d839112-5b44-451e-8607-080e9dd646c9",
   "text": "shivam",
   "value": [ "s", "h", "i", "v", "a", "m" ]
}
[1594623342.322][INFO]: Waiting for pending navigations...
[1594623342.323][INFO]: Done waiting for pending navigations. Status: ok
[1594623342.416][INFO]: Waiting for pending navigations...
[1594623342.418][INFO]: Done waiting for pending navigations. Status: ok
[1594623342.418][INFO]: [074e649cb5832d7f106cdfcd650a7c4b] RESPONSE TypeElement
[1594623342.427][INFO]: [074e649cb5832d7f106cdfcd650a7c4b] COMMAND FindElement {
   "using": "xpath",
   "value": "//*[contains(text(),'Last')]/parent::*/parent::*/following-sibling::*/child::*"
}
[1594623342.427][INFO]: Waiting for pending navigations...
[1594623342.428][INFO]: Done waiting for pending navigations. Status: ok
[1594623342.449][INFO]: Waiting for pending navigations...
[1594623342.450][INFO]: Done waiting for pending navigations. Status: ok
[1594623342.450][INFO]: [074e649cb5832d7f106cdfcd650a7c4b] RESPONSE FindElement {
   "element-6066-11e4-a52e-4f735466cecf": "b1d8dc11-8de4-4502-b949-885e7813b668"
}
[1594623342.459][INFO]: [074e649cb5832d7f106cdfcd650a7c4b] COMMAND TypeElement {
   "id": "b1d8dc11-8de4-4502-b949-885e7813b668",
   "text": "gite",
   "value": [ "g", "i", "t", "e" ]
}
[1594623342.459][INFO]: Waiting for pending navigations...
[1594623342.461][INFO]: Done waiting for pending navigations. Status: ok
[1594623342.563][INFO]: Waiting for pending navigations...
[1594623342.564][INFO]: Done waiting for pending navigations. Status: ok
[1594623342.564][INFO]: [074e649cb5832d7f106cdfcd650a7c4b] RESPONSE TypeElement
[1594623342.571][INFO]: [074e649cb5832d7f106cdfcd650a7c4b] COMMAND FindElement {
   "using": "xpath",
   "value": "//*[contains(text(),'Phone')]/parent::*/parent::*/following-sibling::*/child::*"
}
[1594623342.571][INFO]: Waiting for pending navigations...
[1594623342.573][INFO]: Done waiting for pending navigations. Status: ok
[1594623342.599][INFO]: Waiting for pending navigations...
[1594623342.600][INFO]: Done waiting for pending navigations. Status: ok
[1594623342.600][INFO]: [074e649cb5832d7f106cdfcd650a7c4b] RESPONSE FindElement {
   "element-6066-11e4-a52e-4f735466cecf": "26519342-aa8b-4a94-84bc-ac3a3af8106d"
}
[1594623342.606][INFO]: [074e649cb5832d7f106cdfcd650a7c4b] COMMAND TypeElement {
   "id": "26519342-aa8b-4a94-84bc-ac3a3af8106d",
   "text": "7974862384",
   "value": [ "7", "9", "7", "4", "8", "6", "2", "3", "8", "4" ]
}
[1594623342.606][INFO]: Waiting for pending navigations...
[1594623342.608][INFO]: Done waiting for pending navigations. Status: ok
[1594623342.725][INFO]: Waiting for pending navigations...
[1594623342.726][INFO]: Done waiting for pending navigations. Status: ok
[1594623342.726][INFO]: [074e649cb5832d7f106cdfcd650a7c4b] RESPONSE TypeElement
[1594623342.735][INFO]: [074e649cb5832d7f106cdfcd650a7c4b] COMMAND FindElement {
   "using": "xpath",
   "value": "//*[contains(text(),'Email')]/parent::*/parent::*/following-sibling::*/child::*"
}
[1594623342.735][INFO]: Waiting for pending navigations...
[1594623342.737][INFO]: Done waiting for pending navigations. Status: ok
[1594623342.760][INFO]: Waiting for pending navigations...
[1594623342.762][INFO]: Done waiting for pending navigations. Status: ok
[1594623342.762][INFO]: [074e649cb5832d7f106cdfcd650a7c4b] RESPONSE FindElement {
   "element-6066-11e4-a52e-4f735466cecf": "5b6fcb71-c7a3-431f-a555-2bac261964e4"
}
[1594623342.768][INFO]: [074e649cb5832d7f106cdfcd650a7c4b] COMMAND TypeElement {
   "id": "5b6fcb71-c7a3-431f-a555-2bac261964e4",
   "text": "xyz@gmail.com",
   "value": [ "x", "y", "z", "@", "g", "m", "a", "i", "l", ".", "c", "o", "m" ]
}
[1594623342.769][INFO]: Waiting for pending navigations...
[1594623342.770][INFO]: Done waiting for pending navigations. Status: ok
[1594623342.909][INFO]: Waiting for pending navigations...
[1594623342.910][INFO]: Done waiting for pending navigations. Status: ok
[1594623342.910][INFO]: [074e649cb5832d7f106cdfcd650a7c4b] RESPONSE TypeElement
[1594623342.920][INFO]: [074e649cb5832d7f106cdfcd650a7c4b] COMMAND FindElement {
   "using": "xpath",
   "value": "//*[contains(text(),'Address')]/parent::*/parent::*/following-sibling::*/child::*"
}
[1594623342.920][INFO]: Waiting for pending navigations...
[1594623342.922][INFO]: Done waiting for pending navigations. Status: ok
[1594623342.947][INFO]: Waiting for pending navigations...
[1594623342.949][INFO]: Done waiting for pending navigations. Status: ok
[1594623342.949][INFO]: [074e649cb5832d7f106cdfcd650a7c4b] RESPONSE FindElement {
   "element-6066-11e4-a52e-4f735466cecf": "9bd0b1f3-edab-4953-8acb-67e441d6bb34"
}
[1594623342.959][INFO]: [074e649cb5832d7f106cdfcd650a7c4b] COMMAND TypeElement {
   "id": "9bd0b1f3-edab-4953-8acb-67e441d6bb34",
   "text": "abc def ghi ",
   "value": [ "a", "b", "c", " ", "d", "e", "f", " ", "g", "h", "i", " " ]
}
[1594623342.959][INFO]: Waiting for pending navigations...
[1594623342.960][INFO]: Done waiting for pending navigations. Status: ok
[1594623343.088][INFO]: Waiting for pending navigations...
[1594623343.090][INFO]: Done waiting for pending navigations. Status: ok
[1594623343.090][INFO]: [074e649cb5832d7f106cdfcd650a7c4b] RESPONSE TypeElement
[1594623343.099][INFO]: [074e649cb5832d7f106cdfcd650a7c4b] COMMAND FindElement {
   "using": "xpath",
   "value": "//*[contains(text(),'City')]/parent::*/parent::*/following-sibling::*/child::*"
}
[1594623343.099][INFO]: Waiting for pending navigations...
[1594623343.101][INFO]: Done waiting for pending navigations. Status: ok
[1594623343.125][INFO]: Waiting for pending navigations...
[1594623343.127][INFO]: Done waiting for pending navigations. Status: ok
[1594623343.127][INFO]: [074e649cb5832d7f106cdfcd650a7c4b] RESPONSE FindElement {
   "element-6066-11e4-a52e-4f735466cecf": "80da57ba-1fc0-46e0-bbcc-c35e841cd767"
}
[1594623343.133][INFO]: [074e649cb5832d7f106cdfcd650a7c4b] COMMAND TypeElement {
   "id": "80da57ba-1fc0-46e0-bbcc-c35e841cd767",
   "text": "bhopal",
   "value": [ "b", "h", "o", "p", "a", "l" ]
}
[1594623343.133][INFO]: Waiting for pending navigations...
[1594623343.134][INFO]: Done waiting for pending navigations. Status: ok
[1594623343.242][INFO]: Waiting for pending navigations...
[1594623343.243][INFO]: Done waiting for pending navigations. Status: ok
[1594623343.243][INFO]: [074e649cb5832d7f106cdfcd650a7c4b] RESPONSE TypeElement
[1594623343.250][INFO]: [074e649cb5832d7f106cdfcd650a7c4b] COMMAND FindElement {
   "using": "xpath",
   "value": "//*[contains(text(),'State/Province')]/parent::*/parent::*/following-sibling::*/child::*"
}
[1594623343.251][INFO]: Waiting for pending navigations...
[1594623343.252][INFO]: Done waiting for pending navigations. Status: ok
[1594623343.277][INFO]: Waiting for pending navigations...
[1594623343.279][INFO]: Done waiting for pending navigations. Status: ok
[1594623343.279][INFO]: [074e649cb5832d7f106cdfcd650a7c4b] RESPONSE FindElement {
   "element-6066-11e4-a52e-4f735466cecf": "c95327e7-a1be-4adb-b2e2-4af3a9e63730"
}
[1594623343.288][INFO]: [074e649cb5832d7f106cdfcd650a7c4b] COMMAND TypeElement {
   "id": "c95327e7-a1be-4adb-b2e2-4af3a9e63730",
   "text": "madhya predesh",
   "value": [ "m", "a", "d", "h", "y", "a", " ", "p", "r", "e", "d", "e", "s", "h" ]
}
[1594623343.288][INFO]: Waiting for pending navigations...
[1594623343.290][INFO]: Done waiting for pending navigations. Status: ok
[1594623343.409][INFO]: Waiting for pending navigations...
[1594623343.410][INFO]: Done waiting for pending navigations. Status: ok
[1594623343.410][INFO]: [074e649cb5832d7f106cdfcd650a7c4b] RESPONSE TypeElement
[1594623343.419][INFO]: [074e649cb5832d7f106cdfcd650a7c4b] COMMAND FindElement {
   "using": "xpath",
   "value": "//*[contains(text(),'Postal')]/parent::*/parent::*/following-sibling::*/child::*"
}
[1594623343.419][INFO]: Waiting for pending navigations...
[1594623343.420][INFO]: Done waiting for pending navigations. Status: ok
[1594623343.445][INFO]: Waiting for pending navigations...
[1594623343.446][INFO]: Done waiting for pending navigations. Status: ok
[1594623343.446][INFO]: [074e649cb5832d7f106cdfcd650a7c4b] RESPONSE FindElement {
   "element-6066-11e4-a52e-4f735466cecf": "c6fbfa64-5005-4d54-addd-135d3afaa8ea"
}
[1594623343.455][INFO]: [074e649cb5832d7f106cdfcd650a7c4b] COMMAND TypeElement {
   "id": "c6fbfa64-5005-4d54-addd-135d3afaa8ea",
   "text": "462023",
   "value": [ "4", "6", "2", "0", "2", "3" ]
}
[1594623343.455][INFO]: Waiting for pending navigations...
[1594623343.456][INFO]: Done waiting for pending navigations. Status: ok
[1594623343.547][INFO]: Waiting for pending navigations...
[1594623343.548][INFO]: Done waiting for pending navigations. Status: ok
[1594623343.549][INFO]: [074e649cb5832d7f106cdfcd650a7c4b] RESPONSE TypeElement
[1594623343.555][INFO]: [074e649cb5832d7f106cdfcd650a7c4b] COMMAND FindElement {
   "using": "xpath",
   "value": "//*[contains(text(),'Country')]/parent::*/parent::*/following-sibling::*/child::*"
}
[1594623343.555][INFO]: Waiting for pending navigations...
[1594623343.556][INFO]: Done waiting for pending navigations. Status: ok
[1594623343.581][INFO]: Waiting for pending navigations...
[1594623343.582][INFO]: Done waiting for pending navigations. Status: ok
[1594623343.582][INFO]: [074e649cb5832d7f106cdfcd650a7c4b] RESPONSE FindElement {
   "element-6066-11e4-a52e-4f735466cecf": "9b649069-6fd3-4fb1-afee-904db50ea873"
}
[1594623343.593][INFO]: [074e649cb5832d7f106cdfcd650a7c4b] COMMAND GetElementTagName {
   "id": "9b649069-6fd3-4fb1-afee-904db50ea873"
}
[1594623343.593][INFO]: Waiting for pending navigations...
[1594623343.595][INFO]: Done waiting for pending navigations. Status: ok
[1594623343.601][INFO]: Waiting for pending navigations...
[1594623343.602][INFO]: Done waiting for pending navigations. Status: ok
[1594623343.602][INFO]: [074e649cb5832d7f106cdfcd650a7c4b] RESPONSE GetElementTagName "select"
[1594623343.629][INFO]: [074e649cb5832d7f106cdfcd650a7c4b] COMMAND ExecuteScript {
   "args": [ {
      "element-6066-11e4-a52e-4f735466cecf": "9b649069-6fd3-4fb1-afee-904db50ea873"
   }, "multiple" ],
   "script": "return (function(){return function(){var d=this;function f(a){return\"string\"==typeof a};function h(a,b){this.code=a;this.a=l[a]||m;this.message=b||\"\";a=this.a.replace(/((?:^|\\s+)[a-z])/g,function(a..."
}
[1594623343.629][INFO]: Waiting for pending navigations...
[1594623343.631][INFO]: Done waiting for pending navigations. Status: ok
[1594623343.642][INFO]: Waiting for pending navigations...
[1594623343.643][INFO]: Done waiting for pending navigations. Status: ok
[1594623343.643][INFO]: [074e649cb5832d7f106cdfcd650a7c4b] RESPONSE ExecuteScript null
[1594623343.651][INFO]: [074e649cb5832d7f106cdfcd650a7c4b] COMMAND FindChildElements {
   "id": "9b649069-6fd3-4fb1-afee-904db50ea873",
   "using": "xpath",
   "value": ".//option[@value = \"92\"]"
}
[1594623343.651][INFO]: Waiting for pending navigations...
[1594623343.653][INFO]: Done waiting for pending navigations. Status: ok
[1594623343.677][INFO]: Waiting for pending navigations...
[1594623343.679][INFO]: Done waiting for pending navigations. Status: ok
[1594623343.679][INFO]: [074e649cb5832d7f106cdfcd650a7c4b] RESPONSE FindChildElements [ {
   "element-6066-11e4-a52e-4f735466cecf": "efe90b3e-61a7-4ef6-b295-8f119b1dc8aa"
} ]
[1594623343.686][INFO]: [074e649cb5832d7f106cdfcd650a7c4b] COMMAND IsElementSelected {
   "id": "efe90b3e-61a7-4ef6-b295-8f119b1dc8aa"
}
[1594623343.686][INFO]: Waiting for pending navigations...
[1594623343.688][INFO]: Done waiting for pending navigations. Status: ok
[1594623343.706][INFO]: Waiting for pending navigations...
[1594623343.708][INFO]: Done waiting for pending navigations. Status: ok
[1594623343.708][INFO]: [074e649cb5832d7f106cdfcd650a7c4b] RESPONSE IsElementSelected false
[1594623343.716][INFO]: [074e649cb5832d7f106cdfcd650a7c4b] COMMAND ClickElement {
   "id": "efe90b3e-61a7-4ef6-b295-8f119b1dc8aa"
}
[1594623343.716][INFO]: Waiting for pending navigations...
[1594623343.717][INFO]: Done waiting for pending navigations. Status: ok
[1594623343.776][INFO]: Waiting for pending navigations...
[1594623343.778][INFO]: Done waiting for pending navigations. Status: ok
[1594623343.778][INFO]: [074e649cb5832d7f106cdfcd650a7c4b] RESPONSE ClickElement
[1594623343.783][INFO]: [074e649cb5832d7f106cdfcd650a7c4b] COMMAND FindElement {
   "using": "xpath",
   "value": "//*[contains(text(),'User')]/parent::*/parent::*/following-sibling::*/child::*"
}
[1594623343.783][INFO]: Waiting for pending navigations...
[1594623343.785][INFO]: Done waiting for pending navigations. Status: ok
[1594623343.804][INFO]: Waiting for pending navigations...
[1594623343.805][INFO]: Done waiting for pending navigations. Status: ok
[1594623343.805][INFO]: [074e649cb5832d7f106cdfcd650a7c4b] RESPONSE FindElement {
   "element-6066-11e4-a52e-4f735466cecf": "13e88f78-afe4-460b-b79c-1e31d34f07c2"
}
[1594623343.811][INFO]: [074e649cb5832d7f106cdfcd650a7c4b] COMMAND TypeElement {
   "id": "13e88f78-afe4-460b-b79c-1e31d34f07c2",
   "text": "shivam",
   "value": [ "s", "h", "i", "v", "a", "m" ]
}
[1594623343.811][INFO]: Waiting for pending navigations...
[1594623343.812][INFO]: Done waiting for pending navigations. Status: ok
[1594623343.912][INFO]: Waiting for pending navigations...
[1594623343.913][INFO]: Done waiting for pending navigations. Status: ok
[1594623343.913][INFO]: [074e649cb5832d7f106cdfcd650a7c4b] RESPONSE TypeElement
[1594623343.919][INFO]: [074e649cb5832d7f106cdfcd650a7c4b] COMMAND FindElement {
   "using": "xpath",
   "value": "//*[contains(text(),'Password')]/parent::*/parent::*/following-sibling::*/child::*"
}
[1594623343.919][INFO]: Waiting for pending navigations...
[1594623343.921][INFO]: Done waiting for pending navigations. Status: ok
[1594623343.946][INFO]: Waiting for pending navigations...
[1594623343.947][INFO]: Done waiting for pending navigations. Status: ok
[1594623343.947][INFO]: [074e649cb5832d7f106cdfcd650a7c4b] RESPONSE FindElement {
   "element-6066-11e4-a52e-4f735466cecf": "afd5f1dc-8198-4b12-a28f-8206ef7e8b0c"
}
[1594623343.956][INFO]: [074e649cb5832d7f106cdfcd650a7c4b] COMMAND TypeElement {
   "id": "afd5f1dc-8198-4b12-a28f-8206ef7e8b0c",
   "text": "shivam123",
   "value": [ "s", "h", "i", "v", "a", "m", "1", "2", "3" ]
}
[1594623343.956][INFO]: Waiting for pending navigations...
[1594623343.957][INFO]: Done waiting for pending navigations. Status: ok
[1594623344.073][INFO]: Waiting for pending navigations...
[1594623344.075][INFO]: Done waiting for pending navigations. Status: ok
[1594623344.075][INFO]: [074e649cb5832d7f106cdfcd650a7c4b] RESPONSE TypeElement
[1594623344.082][INFO]: [074e649cb5832d7f106cdfcd650a7c4b] COMMAND FindElement {
   "using": "xpath",
   "value": "//*[contains(text(),'Confirm')]/parent::*/parent::*/following-sibling::*/child::*"
}
[1594623344.082][INFO]: Waiting for pending navigations...
[1594623344.083][INFO]: Done waiting for pending navigations. Status: ok
[1594623344.109][INFO]: Waiting for pending navigations...
[1594623344.111][INFO]: Done waiting for pending navigations. Status: ok
[1594623344.111][INFO]: [074e649cb5832d7f106cdfcd650a7c4b] RESPONSE FindElement {
   "element-6066-11e4-a52e-4f735466cecf": "0a28d4df-0b63-45dc-a66a-161aab984ffb"
}
[1594623344.121][INFO]: [074e649cb5832d7f106cdfcd650a7c4b] COMMAND TypeElement {
   "id": "0a28d4df-0b63-45dc-a66a-161aab984ffb",
   "text": "shivam123",
   "value": [ "s", "h", "i", "v", "a", "m", "1", "2", "3" ]
}
[1594623344.121][INFO]: Waiting for pending navigations...
[1594623344.122][INFO]: Done waiting for pending navigations. Status: ok
[1594623344.237][INFO]: Waiting for pending navigations...
[1594623344.238][INFO]: Done waiting for pending navigations. Status: ok
[1594623344.238][INFO]: [074e649cb5832d7f106cdfcd650a7c4b] RESPONSE TypeElement
[1594623344.246][INFO]: [074e649cb5832d7f106cdfcd650a7c4b] COMMAND FindElement {
   "using": "css selector",
   "value": "*[name='register']"
}
[1594623344.246][INFO]: Waiting for pending navigations...
[1594623344.247][INFO]: Done waiting for pending navigations. Status: ok
[1594623344.270][INFO]: Waiting for pending navigations...
[1594623344.271][INFO]: Done waiting for pending navigations. Status: ok
[1594623344.272][INFO]: [074e649cb5832d7f106cdfcd650a7c4b] RESPONSE FindElement {
   "element-6066-11e4-a52e-4f735466cecf": "8097b676-2978-4ac5-8809-5529b1d00e8d"
}
[1594623344.279][INFO]: [074e649cb5832d7f106cdfcd650a7c4b] COMMAND ClickElement {
   "id": "8097b676-2978-4ac5-8809-5529b1d00e8d"
}
[1594623344.279][INFO]: Waiting for pending navigations...
[1594623344.281][INFO]: Done waiting for pending navigations. Status: ok
[1594623344.358][INFO]: Waiting for pending navigations...
[1594623346.763][INFO]: Done waiting for pending navigations. Status: ok
[1594623346.763][INFO]: [074e649cb5832d7f106cdfcd650a7c4b] RESPONSE ClickElement
[1594623346.772][INFO]: [074e649cb5832d7f106cdfcd650a7c4b] COMMAND Quit {

}
[1594623346.823][INFO]: [074e649cb5832d7f106cdfcd650a7c4b] RESPONSE Quit
